2016-11-18 00:07:32 Error: [MissingControllerException] Controller class MeasureResultController could not be found.
Exception Attributes: array (
  'class' => 'MeasureResultController',
  'plugin' => NULL,
)
Request URL: /cakephp/MeasureResult
Stack Trace:
#0 /var/www/html/cakephp/app/webroot/index.php(111): Dispatcher->dispatch(Object(CakeRequest), Object(CakeResponse))
#1 {main}
2016-11-18 00:08:07 Error: Fatal Error (1): Class 'App\Controller\AppController' not found in [/var/www/html/cakephp/app/Controller/MeasResultController.php, line 6]
2016-11-18 00:08:07 Error: [FatalErrorException] Class 'App\Controller\AppController' not found
Request URL: /cakephp/MeasResult
Stack Trace:
#0 /var/www/html/cakephp/lib/Cake/Error/ErrorHandler.php(212): ErrorHandler::handleFatalError(1, 'Class 'App\\Cont...', '/var/www/html/c...', 6)
#1 [internal function]: ErrorHandler::handleError(1, 'Class 'App\\Cont...', '/var/www/html/c...', 6, Array)
#2 /var/www/html/cakephp/lib/Cake/Core/App.php(970): call_user_func('ErrorHandler::h...', 1, 'Class 'App\\Cont...', '/var/www/html/c...', 6, Array)
#3 /var/www/html/cakephp/lib/Cake/Core/App.php(943): App::_checkFatalError()
#4 [internal function]: App::shutdown()
#5 {main}
2016-11-18 09:12:38 Error: Fatal Error (1): Class 'App\Controller\AppController' not found in [/var/www/html/cakephp/app/Controller/MeasResultController.php, line 6]
2016-11-18 09:12:38 Error: [FatalErrorException] Class 'App\Controller\AppController' not found
Request URL: /cakephp/MeasResult
Stack Trace:
#0 /var/www/html/cakephp/lib/Cake/Error/ErrorHandler.php(212): ErrorHandler::handleFatalError(1, 'Class 'App\\Cont...', '/var/www/html/c...', 6)
#1 [internal function]: ErrorHandler::handleError(1, 'Class 'App\\Cont...', '/var/www/html/c...', 6, Array)
#2 /var/www/html/cakephp/lib/Cake/Core/App.php(970): call_user_func('ErrorHandler::h...', 1, 'Class 'App\\Cont...', '/var/www/html/c...', 6, Array)
#3 /var/www/html/cakephp/lib/Cake/Core/App.php(943): App::_checkFatalError()
#4 [internal function]: App::shutdown()
#5 {main}
2016-11-18 09:12:38 Error: Fatal Error (1): Class 'App\Controller\AppController' not found in [/var/www/html/cakephp/app/Controller/MeasResultController.php, line 6]
2016-11-18 09:12:38 Error: [FatalErrorException] Class 'App\Controller\AppController' not found
Request URL: /cakephp/MeasResult
Stack Trace:
#0 /var/www/html/cakephp/lib/Cake/Error/ErrorHandler.php(212): ErrorHandler::handleFatalError(1, 'Class 'App\\Cont...', '/var/www/html/c...', 6)
#1 [internal function]: ErrorHandler::handleError(1, 'Class 'App\\Cont...', '/var/www/html/c...', 6, Array)
#2 /var/www/html/cakephp/lib/Cake/Core/App.php(970): call_user_func('ErrorHandler::h...', 1, 'Class 'App\\Cont...', '/var/www/html/c...', 6, Array)
#3 /var/www/html/cakephp/lib/Cake/Core/App.php(943): App::_checkFatalError()
#4 [internal function]: App::shutdown()
#5 {main}
2016-11-18 09:15:34 Error: Fatal Error (1): Class 'App\Controller\AppController' not found in [/var/www/html/cakephp/app/Controller/MeasResultController.php, line 6]
2016-11-18 09:15:34 Error: [FatalErrorException] Class 'App\Controller\AppController' not found
Request URL: /cakephp/MeasResult
Stack Trace:
#0 /var/www/html/cakephp/lib/Cake/Error/ErrorHandler.php(212): ErrorHandler::handleFatalError(1, 'Class 'App\\Cont...', '/var/www/html/c...', 6)
#1 [internal function]: ErrorHandler::handleError(1, 'Class 'App\\Cont...', '/var/www/html/c...', 6, Array)
#2 /var/www/html/cakephp/lib/Cake/Core/App.php(970): call_user_func('ErrorHandler::h...', 1, 'Class 'App\\Cont...', '/var/www/html/c...', 6, Array)
#3 /var/www/html/cakephp/lib/Cake/Core/App.php(943): App::_checkFatalError()
#4 [internal function]: App::shutdown()
#5 {main}
2016-11-18 09:15:35 Error: Fatal Error (1): Class 'App\Controller\AppController' not found in [/var/www/html/cakephp/app/Controller/MeasResultController.php, line 6]
2016-11-18 09:15:35 Error: [FatalErrorException] Class 'App\Controller\AppController' not found
Request URL: /cakephp/MeasResult
Stack Trace:
#0 /var/www/html/cakephp/lib/Cake/Error/ErrorHandler.php(212): ErrorHandler::handleFatalError(1, 'Class 'App\\Cont...', '/var/www/html/c...', 6)
#1 [internal function]: ErrorHandler::handleError(1, 'Class 'App\\Cont...', '/var/www/html/c...', 6, Array)
#2 /var/www/html/cakephp/lib/Cake/Core/App.php(970): call_user_func('ErrorHandler::h...', 1, 'Class 'App\\Cont...', '/var/www/html/c...', 6, Array)
#3 /var/www/html/cakephp/lib/Cake/Core/App.php(943): App::_checkFatalError()
#4 [internal function]: App::shutdown()
#5 {main}
2016-11-18 09:18:09 Error: [MissingControllerException] Controller class MeasResultController could not be found.
Exception Attributes: array (
  'class' => 'MeasResultController',
  'plugin' => NULL,
)
Request URL: /cakephp/MeasResult
Stack Trace:
#0 /var/www/html/cakephp/app/webroot/index.php(111): Dispatcher->dispatch(Object(CakeRequest), Object(CakeResponse))
#1 {main}
2016-11-18 09:18:47 Error: Fatal Error (1): Class 'Controller\AppController' not found in [/var/www/html/cakephp/app/Controller/MeasResultController.php, line 6]
2016-11-18 09:18:47 Error: [FatalErrorException] Class 'Controller\AppController' not found
Request URL: /cakephp/MeasResult
Stack Trace:
#0 /var/www/html/cakephp/lib/Cake/Error/ErrorHandler.php(212): ErrorHandler::handleFatalError(1, 'Class 'Controll...', '/var/www/html/c...', 6)
#1 [internal function]: ErrorHandler::handleError(1, 'Class 'Controll...', '/var/www/html/c...', 6, Array)
#2 /var/www/html/cakephp/lib/Cake/Core/App.php(970): call_user_func('ErrorHandler::h...', 1, 'Class 'Controll...', '/var/www/html/c...', 6, Array)
#3 /var/www/html/cakephp/lib/Cake/Core/App.php(943): App::_checkFatalError()
#4 [internal function]: App::shutdown()
#5 {main}
2016-11-18 09:18:48 Error: Fatal Error (1): Class 'Controller\AppController' not found in [/var/www/html/cakephp/app/Controller/MeasResultController.php, line 6]
2016-11-18 09:18:48 Error: [FatalErrorException] Class 'Controller\AppController' not found
Request URL: /cakephp/MeasResult
Stack Trace:
#0 /var/www/html/cakephp/lib/Cake/Error/ErrorHandler.php(212): ErrorHandler::handleFatalError(1, 'Class 'Controll...', '/var/www/html/c...', 6)
#1 [internal function]: ErrorHandler::handleError(1, 'Class 'Controll...', '/var/www/html/c...', 6, Array)
#2 /var/www/html/cakephp/lib/Cake/Core/App.php(970): call_user_func('ErrorHandler::h...', 1, 'Class 'Controll...', '/var/www/html/c...', 6, Array)
#3 /var/www/html/cakephp/lib/Cake/Core/App.php(943): App::_checkFatalError()
#4 [internal function]: App::shutdown()
#5 {main}
2016-11-18 09:18:56 Error: Fatal Error (1): Class 'App\Controller\AppController' not found in [/var/www/html/cakephp/app/Controller/MeasResultController.php, line 6]
2016-11-18 09:18:56 Error: [FatalErrorException] Class 'App\Controller\AppController' not found
Request URL: /cakephp/MeasResult
Stack Trace:
#0 /var/www/html/cakephp/lib/Cake/Error/ErrorHandler.php(212): ErrorHandler::handleFatalError(1, 'Class 'App\\Cont...', '/var/www/html/c...', 6)
#1 [internal function]: ErrorHandler::handleError(1, 'Class 'App\\Cont...', '/var/www/html/c...', 6, Array)
#2 /var/www/html/cakephp/lib/Cake/Core/App.php(970): call_user_func('ErrorHandler::h...', 1, 'Class 'App\\Cont...', '/var/www/html/c...', 6, Array)
#3 /var/www/html/cakephp/lib/Cake/Core/App.php(943): App::_checkFatalError()
#4 [internal function]: App::shutdown()
#5 {main}
2016-11-18 09:19:50 Error: [MissingViewException] View file "MeasResult/index.ctp" is missing.
Exception Attributes: array (
  'file' => 'MeasResult/index.ctp',
)
Request URL: /cakephp/MeasResult
Stack Trace:
#0 /var/www/html/cakephp/lib/Cake/View/View.php(470): View->_getViewFileName(NULL)
#1 /var/www/html/cakephp/lib/Cake/Controller/Controller.php(963): View->render(NULL, NULL)
#2 /var/www/html/cakephp/lib/Cake/Routing/Dispatcher.php(200): Controller->render()
#3 /var/www/html/cakephp/lib/Cake/Routing/Dispatcher.php(167): Dispatcher->_invoke(Object(MeasResultController), Object(CakeRequest))
#4 /var/www/html/cakephp/app/webroot/index.php(111): Dispatcher->dispatch(Object(CakeRequest), Object(CakeResponse))
#5 {main}
2016-11-18 09:21:38 Error: [MissingViewException] View file "MeasResult/index.ctp" is missing.
Exception Attributes: array (
  'file' => 'MeasResult/index.ctp',
)
Request URL: /cakephp/MeasResult
Stack Trace:
#0 /var/www/html/cakephp/lib/Cake/View/View.php(470): View->_getViewFileName(NULL)
#1 /var/www/html/cakephp/lib/Cake/Controller/Controller.php(963): View->render(NULL, NULL)
#2 /var/www/html/cakephp/lib/Cake/Routing/Dispatcher.php(200): Controller->render()
#3 /var/www/html/cakephp/lib/Cake/Routing/Dispatcher.php(167): Dispatcher->_invoke(Object(MeasResultController), Object(CakeRequest))
#4 /var/www/html/cakephp/app/webroot/index.php(111): Dispatcher->dispatch(Object(CakeRequest), Object(CakeResponse))
#5 {main}
2016-11-18 09:21:39 Error: [MissingViewException] View file "MeasResult/index.ctp" is missing.
Exception Attributes: array (
  'file' => 'MeasResult/index.ctp',
)
Request URL: /cakephp/MeasResult
Stack Trace:
#0 /var/www/html/cakephp/lib/Cake/View/View.php(470): View->_getViewFileName(NULL)
#1 /var/www/html/cakephp/lib/Cake/Controller/Controller.php(963): View->render(NULL, NULL)
#2 /var/www/html/cakephp/lib/Cake/Routing/Dispatcher.php(200): Controller->render()
#3 /var/www/html/cakephp/lib/Cake/Routing/Dispatcher.php(167): Dispatcher->_invoke(Object(MeasResultController), Object(CakeRequest))
#4 /var/www/html/cakephp/app/webroot/index.php(111): Dispatcher->dispatch(Object(CakeRequest), Object(CakeResponse))
#5 {main}
2016-11-18 09:21:39 Error: [MissingViewException] View file "MeasResult/index.ctp" is missing.
Exception Attributes: array (
  'file' => 'MeasResult/index.ctp',
)
Request URL: /cakephp/MeasResult
Stack Trace:
#0 /var/www/html/cakephp/lib/Cake/View/View.php(470): View->_getViewFileName(NULL)
#1 /var/www/html/cakephp/lib/Cake/Controller/Controller.php(963): View->render(NULL, NULL)
#2 /var/www/html/cakephp/lib/Cake/Routing/Dispatcher.php(200): Controller->render()
#3 /var/www/html/cakephp/lib/Cake/Routing/Dispatcher.php(167): Dispatcher->_invoke(Object(MeasResultController), Object(CakeRequest))
#4 /var/www/html/cakephp/app/webroot/index.php(111): Dispatcher->dispatch(Object(CakeRequest), Object(CakeResponse))
#5 {main}
2016-11-18 09:21:39 Error: [MissingViewException] View file "MeasResult/index.ctp" is missing.
Exception Attributes: array (
  'file' => 'MeasResult/index.ctp',
)
Request URL: /cakephp/MeasResult
Stack Trace:
#0 /var/www/html/cakephp/lib/Cake/View/View.php(470): View->_getViewFileName(NULL)
#1 /var/www/html/cakephp/lib/Cake/Controller/Controller.php(963): View->render(NULL, NULL)
#2 /var/www/html/cakephp/lib/Cake/Routing/Dispatcher.php(200): Controller->render()
#3 /var/www/html/cakephp/lib/Cake/Routing/Dispatcher.php(167): Dispatcher->_invoke(Object(MeasResultController), Object(CakeRequest))
#4 /var/www/html/cakephp/app/webroot/index.php(111): Dispatcher->dispatch(Object(CakeRequest), Object(CakeResponse))
#5 {main}
2016-11-18 09:21:40 Error: [MissingViewException] View file "MeasResult/index.ctp" is missing.
Exception Attributes: array (
  'file' => 'MeasResult/index.ctp',
)
Request URL: /cakephp/MeasResult
Stack Trace:
#0 /var/www/html/cakephp/lib/Cake/View/View.php(470): View->_getViewFileName(NULL)
#1 /var/www/html/cakephp/lib/Cake/Controller/Controller.php(963): View->render(NULL, NULL)
#2 /var/www/html/cakephp/lib/Cake/Routing/Dispatcher.php(200): Controller->render()
#3 /var/www/html/cakephp/lib/Cake/Routing/Dispatcher.php(167): Dispatcher->_invoke(Object(MeasResultController), Object(CakeRequest))
#4 /var/www/html/cakephp/app/webroot/index.php(111): Dispatcher->dispatch(Object(CakeRequest), Object(CakeResponse))
#5 {main}
2016-11-18 09:32:20 Error: [MissingViewException] View file "Question/index.ctp" is missing.
Exception Attributes: array (
  'file' => 'Question/index.ctp',
)
Request URL: /cakephp/Question
Stack Trace:
#0 /var/www/html/cakephp/lib/Cake/View/View.php(470): View->_getViewFileName(NULL)
#1 /var/www/html/cakephp/lib/Cake/Controller/Controller.php(963): View->render(NULL, NULL)
#2 /var/www/html/cakephp/lib/Cake/Routing/Dispatcher.php(200): Controller->render()
#3 /var/www/html/cakephp/lib/Cake/Routing/Dispatcher.php(167): Dispatcher->_invoke(Object(QuestionController), Object(CakeRequest))
#4 /var/www/html/cakephp/app/webroot/index.php(111): Dispatcher->dispatch(Object(CakeRequest), Object(CakeResponse))
#5 {main}
2016-11-18 09:35:37 Error: [MissingViewException] View file "Question/index.ctp" is missing.
Exception Attributes: array (
  'file' => 'Question/index.ctp',
)
Request URL: /cakephp/Question
Stack Trace:
#0 /var/www/html/cakephp/lib/Cake/View/View.php(470): View->_getViewFileName(NULL)
#1 /var/www/html/cakephp/lib/Cake/Controller/Controller.php(963): View->render(NULL, NULL)
#2 /var/www/html/cakephp/lib/Cake/Routing/Dispatcher.php(200): Controller->render()
#3 /var/www/html/cakephp/lib/Cake/Routing/Dispatcher.php(167): Dispatcher->_invoke(Object(QuestionController), Object(CakeRequest))
#4 /var/www/html/cakephp/app/webroot/index.php(111): Dispatcher->dispatch(Object(CakeRequest), Object(CakeResponse))
#5 {main}
2016-11-18 09:35:41 Error: [MissingControllerException] Controller class MeasureResultController could not be found.
Exception Attributes: array (
  'class' => 'MeasureResultController',
  'plugin' => NULL,
)
Request URL: /cakephp/MeasureResult
Stack Trace:
#0 /var/www/html/cakephp/app/webroot/index.php(111): Dispatcher->dispatch(Object(CakeRequest), Object(CakeResponse))
#1 {main}
2016-11-18 09:35:44 Error: [MissingControllerException] Controller class MeasureResultController could not be found.
Exception Attributes: array (
  'class' => 'MeasureResultController',
  'plugin' => NULL,
)
Request URL: /cakephp/MeasureResult/question
Stack Trace:
#0 /var/www/html/cakephp/app/webroot/index.php(111): Dispatcher->dispatch(Object(CakeRequest), Object(CakeResponse))
#1 {main}
2016-11-18 09:35:48 Error: [MissingControllerException] Controller class MeasureResultController could not be found.
Exception Attributes: array (
  'class' => 'MeasureResultController',
  'plugin' => NULL,
)
Request URL: /cakephp/MeasureResult/question.ctp
Stack Trace:
#0 /var/www/html/cakephp/app/webroot/index.php(111): Dispatcher->dispatch(Object(CakeRequest), Object(CakeResponse))
#1 {main}
2016-11-18 09:35:50 Error: [MissingControllerException] Controller class MeasureResultController could not be found.
Exception Attributes: array (
  'class' => 'MeasureResultController',
  'plugin' => NULL,
)
Request URL: /cakephp/MeasureResult/question.ctp
Stack Trace:
#0 /var/www/html/cakephp/app/webroot/index.php(111): Dispatcher->dispatch(Object(CakeRequest), Object(CakeResponse))
#1 {main}
2016-11-18 09:35:52 Error: [MissingControllerException] Controller class MeasureResultController could not be found.
Exception Attributes: array (
  'class' => 'MeasureResultController',
  'plugin' => NULL,
)
Request URL: /cakephp/MeasureResult/
Stack Trace:
#0 /var/www/html/cakephp/app/webroot/index.php(111): Dispatcher->dispatch(Object(CakeRequest), Object(CakeResponse))
#1 {main}
2016-11-18 09:35:54 Error: [MissingControllerException] Controller class MeasureResultController could not be found.
Exception Attributes: array (
  'class' => 'MeasureResultController',
  'plugin' => NULL,
)
Request URL: /cakephp/MeasureResult/
Stack Trace:
#0 /var/www/html/cakephp/app/webroot/index.php(111): Dispatcher->dispatch(Object(CakeRequest), Object(CakeResponse))
#1 {main}
2016-11-18 09:36:02 Error: [MissingControllerException] Controller class MeasureResultController could not be found.
Exception Attributes: array (
  'class' => 'MeasureResultController',
  'plugin' => NULL,
)
Request URL: /cakephp/MeasureResult/
Stack Trace:
#0 /var/www/html/cakephp/app/webroot/index.php(111): Dispatcher->dispatch(Object(CakeRequest), Object(CakeResponse))
#1 {main}
2016-11-18 09:38:35 Error: [MissingControllerException] Controller class MeasResultController could not be found.
Exception Attributes: array (
  'class' => 'MeasResultController',
  'plugin' => NULL,
)
Request URL: /cakephp/MeasResult/question
Stack Trace:
#0 /var/www/html/cakephp/app/webroot/index.php(111): Dispatcher->dispatch(Object(CakeRequest), Object(CakeResponse))
#1 {main}
2016-11-18 09:42:34 Error: [MissingActionException] Action MeasMoodController::result() could not be found.
Exception Attributes: array (
  'controller' => 'MeasMoodController',
  'action' => 'result',
)
Request URL: /cakephp/MeasMood/result
Stack Trace:
#0 /var/www/html/cakephp/lib/Cake/Routing/Dispatcher.php(193): Controller->invokeAction(Object(CakeRequest))
#1 /var/www/html/cakephp/lib/Cake/Routing/Dispatcher.php(167): Dispatcher->_invoke(Object(MeasMoodController), Object(CakeRequest))
#2 /var/www/html/cakephp/app/webroot/index.php(111): Dispatcher->dispatch(Object(CakeRequest), Object(CakeResponse))
#3 {main}
2016-11-18 09:47:57 Error: [MissingControllerException] Controller class MeasResultController could not be found.
Exception Attributes: array (
  'class' => 'MeasResultController',
  'plugin' => NULL,
)
Request URL: /cakephp/MeasResult
Stack Trace:
#0 /var/www/html/cakephp/app/webroot/index.php(111): Dispatcher->dispatch(Object(CakeRequest), Object(CakeResponse))
#1 {main}
2016-11-18 09:52:04 Error: Fatal Error (4): syntax error, unexpected 'onClickMethod' (T_STRING), expecting ')' in [/var/www/html/cakephp/app/View/MeasMood/index.ctp, line 9]
2016-11-18 09:52:04 Error: [FatalErrorException] syntax error, unexpected 'onClickMethod' (T_STRING), expecting ')'
Request URL: /cakephp/MeasMood/
Stack Trace:
#0 /var/www/html/cakephp/lib/Cake/Error/ErrorHandler.php(212): ErrorHandler::handleFatalError(4, 'syntax error, u...', '/var/www/html/c...', 9)
#1 [internal function]: ErrorHandler::handleError(4, 'syntax error, u...', '/var/www/html/c...', 9, Array)
#2 /var/www/html/cakephp/lib/Cake/Core/App.php(970): call_user_func('ErrorHandler::h...', 4, 'syntax error, u...', '/var/www/html/c...', 9, Array)
#3 /var/www/html/cakephp/lib/Cake/Core/App.php(943): App::_checkFatalError()
#4 [internal function]: App::shutdown()
#5 {main}
2016-11-18 09:53:13 Error: Fatal Error (1): Call to a member function button() on null in [/var/www/html/cakephp/app/View/MeasMood/index.ctp, line 9]
2016-11-18 09:53:13 Error: [FatalErrorException] Call to a member function button() on null
Request URL: /cakephp/MeasMood/
Stack Trace:
#0 /var/www/html/cakephp/lib/Cake/Error/ErrorHandler.php(212): ErrorHandler::handleFatalError(1, 'Call to a membe...', '/var/www/html/c...', 9)
#1 [internal function]: ErrorHandler::handleError(1, 'Call to a membe...', '/var/www/html/c...', 9, Array)
#2 /var/www/html/cakephp/lib/Cake/Core/App.php(970): call_user_func('ErrorHandler::h...', 1, 'Call to a membe...', '/var/www/html/c...', 9, Array)
#3 /var/www/html/cakephp/lib/Cake/Core/App.php(943): App::_checkFatalError()
#4 [internal function]: App::shutdown()
#5 {main}
2016-11-18 10:07:26 Error: Fatal Error (4): syntax error, unexpected 'false' (T_STRING), expecting ',' or ';' in [/var/www/html/cakephp/app/View/MeasMood/index.ctp, line 10]
2016-11-18 10:07:26 Error: [FatalErrorException] syntax error, unexpected 'false' (T_STRING), expecting ',' or ';'
Request URL: /cakephp/MeasMood/
Stack Trace:
#0 /var/www/html/cakephp/lib/Cake/Error/ErrorHandler.php(212): ErrorHandler::handleFatalError(4, 'syntax error, u...', '/var/www/html/c...', 10)
#1 [internal function]: ErrorHandler::handleError(4, 'syntax error, u...', '/var/www/html/c...', 10, Array)
#2 /var/www/html/cakephp/lib/Cake/Core/App.php(970): call_user_func('ErrorHandler::h...', 4, 'syntax error, u...', '/var/www/html/c...', 10, Array)
#3 /var/www/html/cakephp/lib/Cake/Core/App.php(943): App::_checkFatalError()
#4 [internal function]: App::shutdown()
#5 {main}
2016-11-18 10:16:15 Error: Fatal Error (4): syntax error, unexpected '<' in [/var/www/html/cakephp/app/View/MeasMood/question.ctp, line 10]
2016-11-18 10:16:15 Error: [FatalErrorException] syntax error, unexpected '<'
Request URL: /cakephp/meas_mood/question
Stack Trace:
#0 /var/www/html/cakephp/lib/Cake/Error/ErrorHandler.php(212): ErrorHandler::handleFatalError(4, 'syntax error, u...', '/var/www/html/c...', 10)
#1 [internal function]: ErrorHandler::handleError(4, 'syntax error, u...', '/var/www/html/c...', 10, Array)
#2 /var/www/html/cakephp/lib/Cake/Core/App.php(970): call_user_func('ErrorHandler::h...', 4, 'syntax error, u...', '/var/www/html/c...', 10, Array)
#3 /var/www/html/cakephp/lib/Cake/Core/App.php(943): App::_checkFatalError()
#4 [internal function]: App::shutdown()
#5 {main}
2016-11-18 10:16:17 Error: Fatal Error (4): syntax error, unexpected '<' in [/var/www/html/cakephp/app/View/MeasMood/question.ctp, line 10]
2016-11-18 10:16:17 Error: [FatalErrorException] syntax error, unexpected '<'
Request URL: /cakephp/meas_mood/question
Stack Trace:
#0 /var/www/html/cakephp/lib/Cake/Error/ErrorHandler.php(212): ErrorHandler::handleFatalError(4, 'syntax error, u...', '/var/www/html/c...', 10)
#1 [internal function]: ErrorHandler::handleError(4, 'syntax error, u...', '/var/www/html/c...', 10, Array)
#2 /var/www/html/cakephp/lib/Cake/Core/App.php(970): call_user_func('ErrorHandler::h...', 4, 'syntax error, u...', '/var/www/html/c...', 10, Array)
#3 /var/www/html/cakephp/lib/Cake/Core/App.php(943): App::_checkFatalError()
#4 [internal function]: App::shutdown()
#5 {main}
2016-12-05 14:50:02 Error: [MissingControllerException] Controller class JsController could not be found.
Exception Attributes: array (
  'class' => 'JsController',
  'plugin' => NULL,
)
Request URL: /pbl_b/js/measure.js
Stack Trace:
#0 /var/www/html/pbl_b/app/webroot/index.php(111): Dispatcher->dispatch(Object(CakeRequest), Object(CakeResponse))
#1 {main}
2016-12-05 14:53:18 Error: [MissingControllerException] Controller class JsController could not be found.
Exception Attributes: array (
  'class' => 'JsController',
  'plugin' => NULL,
)
Request URL: /pbl_b/js/measure.js
Stack Trace:
#0 /var/www/html/pbl_b/app/webroot/index.php(111): Dispatcher->dispatch(Object(CakeRequest), Object(CakeResponse))
#1 {main}
2016-12-05 16:51:26 Error: [MissingControllerException] Controller class JsController could not be found.
Exception Attributes: array (
  'class' => 'JsController',
  'plugin' => NULL,
)
Request URL: /pbl_b/js/measure.js
Stack Trace:
#0 /var/www/html/pbl_b/app/webroot/index.php(111): Dispatcher->dispatch(Object(CakeRequest), Object(CakeResponse))
#1 {main}
2016-12-05 18:18:23 Error: Fatal Error (4): syntax error, unexpected '?>' in [/var/www/html/pbl_b/app/View/Question/result.ctp, line 14]
2016-12-05 18:18:23 Error: [FatalErrorException] syntax error, unexpected '?>'
Request URL: /pbl_b/question/result
Stack Trace:
#0 /var/www/html/pbl_b/lib/Cake/Error/ErrorHandler.php(212): ErrorHandler::handleFatalError(4, 'syntax error, u...', '/var/www/html/p...', 14)
#1 [internal function]: ErrorHandler::handleError(4, 'syntax error, u...', '/var/www/html/p...', 14, Array)
#2 /var/www/html/pbl_b/lib/Cake/Core/App.php(970): call_user_func('ErrorHandler::h...', 4, 'syntax error, u...', '/var/www/html/p...', 14, Array)
#3 /var/www/html/pbl_b/lib/Cake/Core/App.php(943): App::_checkFatalError()
#4 [internal function]: App::shutdown()
#5 {main}
2016-12-05 18:20:39 Error: Fatal Error (4): syntax error, unexpected '?>' in [/var/www/html/pbl_b/app/View/Question/result.ctp, line 14]
2016-12-05 18:20:39 Error: [FatalErrorException] syntax error, unexpected '?>'
Request URL: /pbl_b/question/result
Stack Trace:
#0 /var/www/html/pbl_b/lib/Cake/Error/ErrorHandler.php(212): ErrorHandler::handleFatalError(4, 'syntax error, u...', '/var/www/html/p...', 14)
#1 [internal function]: ErrorHandler::handleError(4, 'syntax error, u...', '/var/www/html/p...', 14, Array)
#2 /var/www/html/pbl_b/lib/Cake/Core/App.php(970): call_user_func('ErrorHandler::h...', 4, 'syntax error, u...', '/var/www/html/p...', 14, Array)
#3 /var/www/html/pbl_b/lib/Cake/Core/App.php(943): App::_checkFatalError()
#4 [internal function]: App::shutdown()
#5 {main}
2016-12-05 18:21:03 Error: Fatal Error (4): syntax error, unexpected '?>' in [/var/www/html/pbl_b/app/View/Question/result.ctp, line 9]
2016-12-05 18:21:03 Error: [FatalErrorException] syntax error, unexpected '?>'
Request URL: /pbl_b/question/result
Stack Trace:
#0 /var/www/html/pbl_b/lib/Cake/Error/ErrorHandler.php(212): ErrorHandler::handleFatalError(4, 'syntax error, u...', '/var/www/html/p...', 9)
#1 [internal function]: ErrorHandler::handleError(4, 'syntax error, u...', '/var/www/html/p...', 9, Array)
#2 /var/www/html/pbl_b/lib/Cake/Core/App.php(970): call_user_func('ErrorHandler::h...', 4, 'syntax error, u...', '/var/www/html/p...', 9, Array)
#3 /var/www/html/pbl_b/lib/Cake/Core/App.php(943): App::_checkFatalError()
#4 [internal function]: App::shutdown()
#5 {main}
2016-12-05 18:21:32 Error: Fatal Error (4): syntax error, unexpected '?>' in [/var/www/html/pbl_b/app/View/Question/result.ctp, line 10]
2016-12-05 18:21:32 Error: [FatalErrorException] syntax error, unexpected '?>'
Request URL: /pbl_b/question/result
Stack Trace:
#0 /var/www/html/pbl_b/lib/Cake/Error/ErrorHandler.php(212): ErrorHandler::handleFatalError(4, 'syntax error, u...', '/var/www/html/p...', 10)
#1 [internal function]: ErrorHandler::handleError(4, 'syntax error, u...', '/var/www/html/p...', 10, Array)
#2 /var/www/html/pbl_b/lib/Cake/Core/App.php(970): call_user_func('ErrorHandler::h...', 4, 'syntax error, u...', '/var/www/html/p...', 10, Array)
#3 /var/www/html/pbl_b/lib/Cake/Core/App.php(943): App::_checkFatalError()
#4 [internal function]: App::shutdown()
#5 {main}
2016-12-05 18:21:45 Error: Fatal Error (4): syntax error, unexpected '?>' in [/var/www/html/pbl_b/app/View/Question/result.ctp, line 8]
2016-12-05 18:21:45 Error: [FatalErrorException] syntax error, unexpected '?>'
Request URL: /pbl_b/question/result
Stack Trace:
#0 /var/www/html/pbl_b/lib/Cake/Error/ErrorHandler.php(212): ErrorHandler::handleFatalError(4, 'syntax error, u...', '/var/www/html/p...', 8)
#1 [internal function]: ErrorHandler::handleError(4, 'syntax error, u...', '/var/www/html/p...', 8, Array)
#2 /var/www/html/pbl_b/lib/Cake/Core/App.php(970): call_user_func('ErrorHandler::h...', 4, 'syntax error, u...', '/var/www/html/p...', 8, Array)
#3 /var/www/html/pbl_b/lib/Cake/Core/App.php(943): App::_checkFatalError()
#4 [internal function]: App::shutdown()
#5 {main}
2016-12-05 18:23:43 Error: Fatal Error (4): syntax error, unexpected '$this' (T_VARIABLE) in [/var/www/html/pbl_b/app/Controller/QuestionController.php, line 66]
2016-12-05 18:23:43 Error: [FatalErrorException] syntax error, unexpected '$this' (T_VARIABLE)
Request URL: /pbl_b/question/result
Stack Trace:
#0 /var/www/html/pbl_b/lib/Cake/Error/ErrorHandler.php(212): ErrorHandler::handleFatalError(4, 'syntax error, u...', '/var/www/html/p...', 66)
#1 [internal function]: ErrorHandler::handleError(4, 'syntax error, u...', '/var/www/html/p...', 66, Array)
#2 /var/www/html/pbl_b/lib/Cake/Core/App.php(970): call_user_func('ErrorHandler::h...', 4, 'syntax error, u...', '/var/www/html/p...', 66, Array)
#3 /var/www/html/pbl_b/lib/Cake/Core/App.php(943): App::_checkFatalError()
#4 [internal function]: App::shutdown()
#5 {main}
2016-12-05 18:26:47 Error: Fatal Error (4): syntax error, unexpected '$answer' (T_VARIABLE) in [/var/www/html/pbl_b/app/Controller/QuestionController.php, line 68]
2016-12-05 18:26:47 Error: [FatalErrorException] syntax error, unexpected '$answer' (T_VARIABLE)
Request URL: /pbl_b/question/result
Stack Trace:
#0 /var/www/html/pbl_b/lib/Cake/Error/ErrorHandler.php(212): ErrorHandler::handleFatalError(4, 'syntax error, u...', '/var/www/html/p...', 68)
#1 [internal function]: ErrorHandler::handleError(4, 'syntax error, u...', '/var/www/html/p...', 68, Array)
#2 /var/www/html/pbl_b/lib/Cake/Core/App.php(970): call_user_func('ErrorHandler::h...', 4, 'syntax error, u...', '/var/www/html/p...', 68, Array)
#3 /var/www/html/pbl_b/lib/Cake/Core/App.php(943): App::_checkFatalError()
#4 [internal function]: App::shutdown()
#5 {main}
2016-12-05 18:26:49 Error: Fatal Error (4): syntax error, unexpected '$answer' (T_VARIABLE) in [/var/www/html/pbl_b/app/Controller/QuestionController.php, line 68]
2016-12-05 18:26:49 Error: [FatalErrorException] syntax error, unexpected '$answer' (T_VARIABLE)
Request URL: /pbl_b/question/result
Stack Trace:
#0 /var/www/html/pbl_b/lib/Cake/Error/ErrorHandler.php(212): ErrorHandler::handleFatalError(4, 'syntax error, u...', '/var/www/html/p...', 68)
#1 [internal function]: ErrorHandler::handleError(4, 'syntax error, u...', '/var/www/html/p...', 68, Array)
#2 /var/www/html/pbl_b/lib/Cake/Core/App.php(970): call_user_func('ErrorHandler::h...', 4, 'syntax error, u...', '/var/www/html/p...', 68, Array)
#3 /var/www/html/pbl_b/lib/Cake/Core/App.php(943): App::_checkFatalError()
#4 [internal function]: App::shutdown()
#5 {main}
2016-12-05 18:26:57 Error: Fatal Error (4): syntax error, unexpected '$answer' (T_VARIABLE) in [/var/www/html/pbl_b/app/Controller/QuestionController.php, line 68]
2016-12-05 18:26:57 Error: [FatalErrorException] syntax error, unexpected '$answer' (T_VARIABLE)
Request URL: /pbl_b/question/result
Stack Trace:
#0 /var/www/html/pbl_b/lib/Cake/Error/ErrorHandler.php(212): ErrorHandler::handleFatalError(4, 'syntax error, u...', '/var/www/html/p...', 68)
#1 [internal function]: ErrorHandler::handleError(4, 'syntax error, u...', '/var/www/html/p...', 68, Array)
#2 /var/www/html/pbl_b/lib/Cake/Core/App.php(970): call_user_func('ErrorHandler::h...', 4, 'syntax error, u...', '/var/www/html/p...', 68, Array)
#3 /var/www/html/pbl_b/lib/Cake/Core/App.php(943): App::_checkFatalError()
#4 [internal function]: App::shutdown()
#5 {main}
2016-12-05 18:40:29 Error: Fatal Error (4): syntax error, unexpected ')', expecting ',' or ';' in [/var/www/html/pbl_b/app/View/Question/result.ctp, line 10]
2016-12-05 18:40:29 Error: [FatalErrorException] syntax error, unexpected ')', expecting ',' or ';'
Request URL: /pbl_b/question/result
Stack Trace:
#0 /var/www/html/pbl_b/lib/Cake/Error/ErrorHandler.php(212): ErrorHandler::handleFatalError(4, 'syntax error, u...', '/var/www/html/p...', 10)
#1 [internal function]: ErrorHandler::handleError(4, 'syntax error, u...', '/var/www/html/p...', 10, Array)
#2 /var/www/html/pbl_b/lib/Cake/Core/App.php(970): call_user_func('ErrorHandler::h...', 4, 'syntax error, u...', '/var/www/html/p...', 10, Array)
#3 /var/www/html/pbl_b/lib/Cake/Core/App.php(943): App::_checkFatalError()
#4 [internal function]: App::shutdown()
#5 {main}
2016-12-05 20:52:13 Error: [MissingControllerException] Controller class CssController could not be found.
Exception Attributes: array (
  'class' => 'CssController',
  'plugin' => NULL,
)
Request URL: /pbl_b/css/question_add_btn.png
Stack Trace:
#0 /var/www/html/pbl_b/app/webroot/index.php(111): Dispatcher->dispatch(Object(CakeRequest), Object(CakeResponse))
#1 {main}
2016-12-05 20:53:32 Error: [MissingControllerException] Controller class CssController could not be found.
Exception Attributes: array (
  'class' => 'CssController',
  'plugin' => NULL,
)
Request URL: /pbl_b/css/question_add_btn.png
Stack Trace:
#0 /var/www/html/pbl_b/app/webroot/index.php(111): Dispatcher->dispatch(Object(CakeRequest), Object(CakeResponse))
#1 {main}
2016-12-05 20:54:38 Error: [MissingControllerException] Controller class CssController could not be found.
Exception Attributes: array (
  'class' => 'CssController',
  'plugin' => NULL,
)
Request URL: /pbl_b/css/question_add_btn.png
Stack Trace:
#0 /var/www/html/pbl_b/app/webroot/index.php(111): Dispatcher->dispatch(Object(CakeRequest), Object(CakeResponse))
#1 {main}
2016-12-05 20:54:47 Error: [MissingControllerException] Controller class CssController could not be found.
Exception Attributes: array (
  'class' => 'CssController',
  'plugin' => NULL,
)
Request URL: /pbl_b/css/question_add_btn.png
Stack Trace:
#0 /var/www/html/pbl_b/app/webroot/index.php(111): Dispatcher->dispatch(Object(CakeRequest), Object(CakeResponse))
#1 {main}
2016-12-05 22:01:08 Error: [MissingControllerException] Controller class JsController could not be found.
Exception Attributes: array (
  'class' => 'JsController',
  'plugin' => NULL,
)
Request URL: /pbl_b/js/measure.js
Stack Trace:
#0 /var/www/html/pbl_b/app/webroot/index.php(111): Dispatcher->dispatch(Object(CakeRequest), Object(CakeResponse))
#1 {main}
2016-12-05 22:01:14 Error: [MissingControllerException] Controller class JsController could not be found.
Exception Attributes: array (
  'class' => 'JsController',
  'plugin' => NULL,
)
Request URL: /pbl_b/js/measure.js
Stack Trace:
#0 /var/www/html/pbl_b/app/webroot/index.php(111): Dispatcher->dispatch(Object(CakeRequest), Object(CakeResponse))
#1 {main}
2016-12-06 05:32:23 Error: [MissingControllerException] Controller class JsController could not be found.
Exception Attributes: array (
  'class' => 'JsController',
  'plugin' => NULL,
)
Request URL: /miyai/pbl_b/js/measure.js
Stack Trace:
#0 /var/www/html/miyai/pbl_b/app/webroot/index.php(111): Dispatcher->dispatch(Object(CakeRequest), Object(CakeResponse))
#1 {main}
2016-12-06 05:35:05 Error: [MissingActionException] Action QuestionController::miyai() could not be found.
Exception Attributes: array (
  'controller' => 'QuestionController',
  'action' => 'miyai',
)
Request URL: /miyai/pbl_b/question/miyai/pbl_b/img/question_add_btn.png
Stack Trace:
#0 /var/www/html/miyai/pbl_b/lib/Cake/Routing/Dispatcher.php(193): Controller->invokeAction(Object(CakeRequest))
#1 /var/www/html/miyai/pbl_b/lib/Cake/Routing/Dispatcher.php(167): Dispatcher->_invoke(Object(QuestionController), Object(CakeRequest))
#2 /var/www/html/miyai/pbl_b/app/webroot/index.php(111): Dispatcher->dispatch(Object(CakeRequest), Object(CakeResponse))
#3 {main}
2016-12-06 05:40:20 Error: [MissingActionException] Action QuestionController::img() could not be found.
Exception Attributes: array (
  'controller' => 'QuestionController',
  'action' => 'img',
)
Request URL: /miyai/pbl_b/question/img/question_add_btn.png
Stack Trace:
#0 /var/www/html/miyai/pbl_b/lib/Cake/Routing/Dispatcher.php(193): Controller->invokeAction(Object(CakeRequest))
#1 /var/www/html/miyai/pbl_b/lib/Cake/Routing/Dispatcher.php(167): Dispatcher->_invoke(Object(QuestionController), Object(CakeRequest))
#2 /var/www/html/miyai/pbl_b/app/webroot/index.php(111): Dispatcher->dispatch(Object(CakeRequest), Object(CakeResponse))
#3 {main}
2016-12-06 10:09:25 Error: [MissingControllerException] Controller class JsController could not be found.
Exception Attributes: array (
  'class' => 'JsController',
  'plugin' => NULL,
)
Request URL: /miyai/pbl_b/js/measure.js
Stack Trace:
#0 /var/www/html/miyai/pbl_b/app/webroot/index.php(111): Dispatcher->dispatch(Object(CakeRequest), Object(CakeResponse))
#1 {main}
2016-12-06 10:10:16 Error: [MissingControllerException] Controller class JsController could not be found.
Exception Attributes: array (
  'class' => 'JsController',
  'plugin' => NULL,
)
Request URL: /miyai/pbl_b/js/measure.js
Stack Trace:
#0 /var/www/html/miyai/pbl_b/app/webroot/index.php(111): Dispatcher->dispatch(Object(CakeRequest), Object(CakeResponse))
#1 {main}
2016-12-06 10:52:57 Error: [MissingControllerException] Controller class JsController could not be found.
Exception Attributes: array (
  'class' => 'JsController',
  'plugin' => NULL,
)
Request URL: /miyai/pbl_b/js/measure.js
Stack Trace:
#0 /var/www/html/miyai/pbl_b/app/webroot/index.php(111): Dispatcher->dispatch(Object(CakeRequest), Object(CakeResponse))
#1 {main}
2016-12-06 17:42:40 Error: [MissingControllerException] Controller class JsController could not be found.
Exception Attributes: array (
  'class' => 'JsController',
  'plugin' => NULL,
)
Request URL: /miyai/pbl_b/js/measure.js
Stack Trace:
#0 /var/www/html/miyai/pbl_b/app/webroot/index.php(111): Dispatcher->dispatch(Object(CakeRequest), Object(CakeResponse))
#1 {main}
2016-12-06 17:43:22 Error: [MissingControllerException] Controller class JsController could not be found.
Exception Attributes: array (
  'class' => 'JsController',
  'plugin' => NULL,
)
Request URL: /miyai/pbl_b/js/measure.js
Stack Trace:
#0 /var/www/html/miyai/pbl_b/app/webroot/index.php(111): Dispatcher->dispatch(Object(CakeRequest), Object(CakeResponse))
#1 {main}
2016-12-07 11:02:46 Error: [MissingControllerException] Controller class JsController could not be found.
Exception Attributes: array (
  'class' => 'JsController',
  'plugin' => NULL,
)
Request URL: /miyai/pbl_b/js/measure.js
Stack Trace:
#0 /var/www/html/miyai/pbl_b/app/webroot/index.php(111): Dispatcher->dispatch(Object(CakeRequest), Object(CakeResponse))
#1 {main}
2016-12-07 15:55:44 Error: [MissingControllerException] Controller class JsController could not be found.
Exception Attributes: array (
  'class' => 'JsController',
  'plugin' => NULL,
)
Request URL: /miyai/pbl_b/js/measure.js
Stack Trace:
#0 /var/www/html/miyai/pbl_b/app/webroot/index.php(111): Dispatcher->dispatch(Object(CakeRequest), Object(CakeResponse))
#1 {main}
2016-12-07 16:07:21 Error: [MissingControllerException] Controller class JsController could not be found.
Exception Attributes: array (
  'class' => 'JsController',
  'plugin' => NULL,
)
Request URL: /miyai/pbl_b/js/measure.js
Stack Trace:
#0 /var/www/html/miyai/pbl_b/app/webroot/index.php(111): Dispatcher->dispatch(Object(CakeRequest), Object(CakeResponse))
#1 {main}
2016-12-07 16:19:01 Error: [MissingControllerException] Controller class JsController could not be found.
Exception Attributes: array (
  'class' => 'JsController',
  'plugin' => NULL,
)
Request URL: /miyai/pbl_b/js/measure.js
Stack Trace:
#0 /var/www/html/miyai/pbl_b/app/webroot/index.php(111): Dispatcher->dispatch(Object(CakeRequest), Object(CakeResponse))
#1 {main}
2016-12-07 16:23:36 Error: [MissingControllerException] Controller class JsController could not be found.
Exception Attributes: array (
  'class' => 'JsController',
  'plugin' => NULL,
)
Request URL: /miyai/pbl_b/js/measure.js
Stack Trace:
#0 /var/www/html/miyai/pbl_b/app/webroot/index.php(111): Dispatcher->dispatch(Object(CakeRequest), Object(CakeResponse))
#1 {main}
2016-12-07 18:32:39 Error: [MissingControllerException] Controller class JsController could not be found.
Exception Attributes: array (
  'class' => 'JsController',
  'plugin' => NULL,
)
Request URL: /miyai/pbl_b/js/measure.js
Stack Trace:
#0 /var/www/html/miyai/pbl_b/app/webroot/index.php(111): Dispatcher->dispatch(Object(CakeRequest), Object(CakeResponse))
#1 {main}
2016-12-07 18:34:32 Error: [MissingControllerException] Controller class JsController could not be found.
Exception Attributes: array (
  'class' => 'JsController',
  'plugin' => NULL,
)
Request URL: /miyai/pbl_b/js/measure.js
Stack Trace:
#0 /var/www/html/miyai/pbl_b/app/webroot/index.php(111): Dispatcher->dispatch(Object(CakeRequest), Object(CakeResponse))
#1 {main}
2016-12-07 18:47:19 Error: [MissingControllerException] Controller class JsController could not be found.
Exception Attributes: array (
  'class' => 'JsController',
  'plugin' => NULL,
)
Request URL: /miyai/pbl_b/js/measure.js
Stack Trace:
#0 /var/www/html/miyai/pbl_b/app/webroot/index.php(111): Dispatcher->dispatch(Object(CakeRequest), Object(CakeResponse))
#1 {main}
2016-12-07 18:49:23 Error: Fatal Error (4): syntax error, unexpected '?>' in [/var/www/html/miyai/pbl_b/app/View/Question/result.ctp, line 22]
2016-12-07 18:49:23 Error: [FatalErrorException] syntax error, unexpected '?>'
Request URL: /miyai/pbl_b/question/result
Stack Trace:
#0 /var/www/html/miyai/pbl_b/lib/Cake/Error/ErrorHandler.php(212): ErrorHandler::handleFatalError(4, 'syntax error, u...', '/var/www/html/m...', 22)
#1 [internal function]: ErrorHandler::handleError(4, 'syntax error, u...', '/var/www/html/m...', 22, Array)
#2 /var/www/html/miyai/pbl_b/lib/Cake/Core/App.php(970): call_user_func('ErrorHandler::h...', 4, 'syntax error, u...', '/var/www/html/m...', 22, Array)
#3 /var/www/html/miyai/pbl_b/lib/Cake/Core/App.php(943): App::_checkFatalError()
#4 [internal function]: App::shutdown()
#5 {main}
2016-12-07 18:54:28 Error: [MissingControllerException] Controller class JsController could not be found.
Exception Attributes: array (
  'class' => 'JsController',
  'plugin' => NULL,
)
Request URL: /miyai/pbl_b/js/measure.js
Stack Trace:
#0 /var/www/html/miyai/pbl_b/app/webroot/index.php(111): Dispatcher->dispatch(Object(CakeRequest), Object(CakeResponse))
#1 {main}
2016-12-07 19:00:48 Error: [MissingControllerException] Controller class JsController could not be found.
Exception Attributes: array (
  'class' => 'JsController',
  'plugin' => NULL,
)
Request URL: /miyai/pbl_b/js/measure.js
Stack Trace:
#0 /var/www/html/miyai/pbl_b/app/webroot/index.php(111): Dispatcher->dispatch(Object(CakeRequest), Object(CakeResponse))
#1 {main}
2016-12-07 19:00:57 Error: [MissingControllerException] Controller class JsController could not be found.
Exception Attributes: array (
  'class' => 'JsController',
  'plugin' => NULL,
)
Request URL: /miyai/pbl_b/js/measure.js
Stack Trace:
#0 /var/www/html/miyai/pbl_b/app/webroot/index.php(111): Dispatcher->dispatch(Object(CakeRequest), Object(CakeResponse))
#1 {main}
2016-12-07 19:07:07 Error: [MissingControllerException] Controller class JsController could not be found.
Exception Attributes: array (
  'class' => 'JsController',
  'plugin' => NULL,
)
Request URL: /miyai/pbl_b/js/measure.js
Stack Trace:
#0 /var/www/html/miyai/pbl_b/app/webroot/index.php(111): Dispatcher->dispatch(Object(CakeRequest), Object(CakeResponse))
#1 {main}
2016-12-07 19:13:09 Error: [MissingControllerException] Controller class JsController could not be found.
Exception Attributes: array (
  'class' => 'JsController',
  'plugin' => NULL,
)
Request URL: /miyai/pbl_b/js/measure.js
Stack Trace:
#0 /var/www/html/miyai/pbl_b/app/webroot/index.php(111): Dispatcher->dispatch(Object(CakeRequest), Object(CakeResponse))
#1 {main}
2016-12-07 19:52:36 Error: [MissingControllerException] Controller class JsController could not be found.
Exception Attributes: array (
  'class' => 'JsController',
  'plugin' => NULL,
)
Request URL: /miyai/pbl_b/js/measure.js
Stack Trace:
#0 /var/www/html/miyai/pbl_b/app/webroot/index.php(111): Dispatcher->dispatch(Object(CakeRequest), Object(CakeResponse))
#1 {main}
2016-12-07 20:03:43 Error: [MissingControllerException] Controller class JsController could not be found.
Exception Attributes: array (
  'class' => 'JsController',
  'plugin' => NULL,
)
Request URL: /miyai/pbl_b/js/measure.js
Stack Trace:
#0 /var/www/html/miyai/pbl_b/app/webroot/index.php(111): Dispatcher->dispatch(Object(CakeRequest), Object(CakeResponse))
#1 {main}
2016-12-07 20:03:48 Error: [MissingControllerException] Controller class JsController could not be found.
Exception Attributes: array (
  'class' => 'JsController',
  'plugin' => NULL,
)
Request URL: /miyai/pbl_b/js/measure.js
Stack Trace:
#0 /var/www/html/miyai/pbl_b/app/webroot/index.php(111): Dispatcher->dispatch(Object(CakeRequest), Object(CakeResponse))
#1 {main}
2016-12-07 20:20:19 Error: [MissingControllerException] Controller class JsController could not be found.
Exception Attributes: array (
  'class' => 'JsController',
  'plugin' => NULL,
)
Request URL: /miyai/pbl_b/js/measure.js
Stack Trace:
#0 /var/www/html/miyai/pbl_b/app/webroot/index.php(111): Dispatcher->dispatch(Object(CakeRequest), Object(CakeResponse))
#1 {main}
2016-12-07 20:30:05 Error: [MissingControllerException] Controller class JsController could not be found.
Exception Attributes: array (
  'class' => 'JsController',
  'plugin' => NULL,
)
Request URL: /miyai/pbl_b/js/measure.js
Stack Trace:
#0 /var/www/html/miyai/pbl_b/app/webroot/index.php(111): Dispatcher->dispatch(Object(CakeRequest), Object(CakeResponse))
#1 {main}
2016-12-07 21:24:03 Error: [MissingControllerException] Controller class JsController could not be found.
Exception Attributes: array (
  'class' => 'JsController',
  'plugin' => NULL,
)
Request URL: /miyai/pbl_b/js/measure.js
Stack Trace:
#0 /var/www/html/miyai/pbl_b/app/webroot/index.php(111): Dispatcher->dispatch(Object(CakeRequest), Object(CakeResponse))
#1 {main}
2016-12-07 21:30:55 Error: [MissingControllerException] Controller class JsController could not be found.
Exception Attributes: array (
  'class' => 'JsController',
  'plugin' => NULL,
)
Request URL: /miyai/pbl_b/js/measure.js
Stack Trace:
#0 /var/www/html/miyai/pbl_b/app/webroot/index.php(111): Dispatcher->dispatch(Object(CakeRequest), Object(CakeResponse))
#1 {main}
2016-12-07 21:42:38 Error: [MissingControllerException] Controller class JsController could not be found.
Exception Attributes: array (
  'class' => 'JsController',
  'plugin' => NULL,
)
Request URL: /miyai/pbl_b/js/measure.js
Stack Trace:
#0 /var/www/html/miyai/pbl_b/app/webroot/index.php(111): Dispatcher->dispatch(Object(CakeRequest), Object(CakeResponse))
#1 {main}
2016-12-07 22:12:49 Error: [MissingControllerException] Controller class JsController could not be found.
Exception Attributes: array (
  'class' => 'JsController',
  'plugin' => NULL,
)
Request URL: /miyai/pbl_b/js/measure.js
Stack Trace:
#0 /var/www/html/miyai/pbl_b/app/webroot/index.php(111): Dispatcher->dispatch(Object(CakeRequest), Object(CakeResponse))
#1 {main}
2016-12-07 22:23:05 Error: Fatal Error (4): syntax error, unexpected '}', expecting ',' or ';' in [/var/www/html/miyai/pbl_b/app/View/Question/add.ctp, line 23]
2016-12-07 22:23:05 Error: [FatalErrorException] syntax error, unexpected '}', expecting ',' or ';'
Request URL: /miyai/pbl_b/question/add
Stack Trace:
#0 /var/www/html/miyai/pbl_b/lib/Cake/Error/ErrorHandler.php(212): ErrorHandler::handleFatalError(4, 'syntax error, u...', '/var/www/html/m...', 23)
#1 [internal function]: ErrorHandler::handleError(4, 'syntax error, u...', '/var/www/html/m...', 23, Array)
#2 /var/www/html/miyai/pbl_b/lib/Cake/Core/App.php(970): call_user_func('ErrorHandler::h...', 4, 'syntax error, u...', '/var/www/html/m...', 23, Array)
#3 /var/www/html/miyai/pbl_b/lib/Cake/Core/App.php(943): App::_checkFatalError()
#4 [internal function]: App::shutdown()
#5 {main}
2016-12-07 22:57:14 Error: [MissingControllerException] Controller class JsController could not be found.
Exception Attributes: array (
  'class' => 'JsController',
  'plugin' => NULL,
)
Request URL: /miyai/pbl_b/js/measure.js
Stack Trace:
#0 /var/www/html/miyai/pbl_b/app/webroot/index.php(111): Dispatcher->dispatch(Object(CakeRequest), Object(CakeResponse))
#1 {main}
2016-12-07 23:13:19 Error: [MissingControllerException] Controller class JsController could not be found.
Exception Attributes: array (
  'class' => 'JsController',
  'plugin' => NULL,
)
Request URL: /miyai/pbl_b/js/measure.js
Stack Trace:
#0 /var/www/html/miyai/pbl_b/app/webroot/index.php(111): Dispatcher->dispatch(Object(CakeRequest), Object(CakeResponse))
#1 {main}
2016-12-07 23:58:11 Error: [MissingControllerException] Controller class ImgController could not be found.
Exception Attributes: array (
  'class' => 'ImgController',
  'plugin' => NULL,
)
Request URL: /miyai/pbl_b/img/clipboard_long.png
Stack Trace:
#0 /var/www/html/miyai/pbl_b/app/webroot/index.php(111): Dispatcher->dispatch(Object(CakeRequest), Object(CakeResponse))
#1 {main}
2016-12-08 00:05:58 Error: [MissingControllerException] Controller class JsController could not be found.
Exception Attributes: array (
  'class' => 'JsController',
  'plugin' => NULL,
)
Request URL: /miyai/pbl_b/js/measure.js
Stack Trace:
#0 /var/www/html/miyai/pbl_b/app/webroot/index.php(111): Dispatcher->dispatch(Object(CakeRequest), Object(CakeResponse))
#1 {main}
2016-12-08 01:02:54 Error: [MissingControllerException] Controller class JsController could not be found.
Exception Attributes: array (
  'class' => 'JsController',
  'plugin' => NULL,
)
Request URL: /miyai/pbl_b/js/measure.js
Stack Trace:
#0 /var/www/html/miyai/pbl_b/app/webroot/index.php(111): Dispatcher->dispatch(Object(CakeRequest), Object(CakeResponse))
#1 {main}
2016-12-08 13:35:05 Error: [MissingControllerException] Controller class JsController could not be found.
Exception Attributes: array (
  'class' => 'JsController',
  'plugin' => NULL,
)
Request URL: /miyai/pbl_b/js/measure.js
Stack Trace:
#0 /var/www/html/miyai/pbl_b/app/webroot/index.php(111): Dispatcher->dispatch(Object(CakeRequest), Object(CakeResponse))
#1 {main}
2016-12-08 13:37:08 Error: [MissingControllerException] Controller class JsController could not be found.
Exception Attributes: array (
  'class' => 'JsController',
  'plugin' => NULL,
)
Request URL: /miyai/pbl_b/js/measure.js
Stack Trace:
#0 /var/www/html/miyai/pbl_b/app/webroot/index.php(111): Dispatcher->dispatch(Object(CakeRequest), Object(CakeResponse))
#1 {main}
2016-12-08 13:44:06 Error: [MissingControllerException] Controller class JsController could not be found.
Exception Attributes: array (
  'class' => 'JsController',
  'plugin' => NULL,
)
Request URL: /miyai/pbl_b/js/measure.js
Stack Trace:
#0 /var/www/html/miyai/pbl_b/app/webroot/index.php(111): Dispatcher->dispatch(Object(CakeRequest), Object(CakeResponse))
#1 {main}
2016-12-08 13:45:43 Error: [MissingControllerException] Controller class JsController could not be found.
Exception Attributes: array (
  'class' => 'JsController',
  'plugin' => NULL,
)
Request URL: /miyai/pbl_b/js/measure.js
Stack Trace:
#0 /var/www/html/miyai/pbl_b/app/webroot/index.php(111): Dispatcher->dispatch(Object(CakeRequest), Object(CakeResponse))
#1 {main}
2016-12-08 14:00:35 Error: [MissingControllerException] Controller class JsController could not be found.
Exception Attributes: array (
  'class' => 'JsController',
  'plugin' => NULL,
)
Request URL: /miyai/pbl_b/js/measure.js
Stack Trace:
#0 /var/www/html/miyai/pbl_b/app/webroot/index.php(111): Dispatcher->dispatch(Object(CakeRequest), Object(CakeResponse))
#1 {main}
2016-12-08 14:12:24 Error: [MissingControllerException] Controller class JsController could not be found.
Exception Attributes: array (
  'class' => 'JsController',
  'plugin' => NULL,
)
Request URL: /miyai/pbl_b/js/measure.js
Stack Trace:
#0 /var/www/html/miyai/pbl_b/app/webroot/index.php(111): Dispatcher->dispatch(Object(CakeRequest), Object(CakeResponse))
#1 {main}
2016-12-08 14:14:14 Error: [MissingControllerException] Controller class JsController could not be found.
Exception Attributes: array (
  'class' => 'JsController',
  'plugin' => NULL,
)
Request URL: /miyai/pbl_b/js/measure.js
Stack Trace:
#0 /var/www/html/miyai/pbl_b/app/webroot/index.php(111): Dispatcher->dispatch(Object(CakeRequest), Object(CakeResponse))
#1 {main}
2016-12-08 14:44:35 Error: [MissingControllerException] Controller class JsController could not be found.
Exception Attributes: array (
  'class' => 'JsController',
  'plugin' => NULL,
)
Request URL: /miyai/pbl_b/js/measure.js
Stack Trace:
#0 /var/www/html/miyai/pbl_b/app/webroot/index.php(111): Dispatcher->dispatch(Object(CakeRequest), Object(CakeResponse))
#1 {main}
2016-12-08 15:38:31 Error: [MissingControllerException] Controller class JsController could not be found.
Exception Attributes: array (
  'class' => 'JsController',
  'plugin' => NULL,
)
Request URL: /miyai/pbl_b/js/measure.js
Stack Trace:
#0 /var/www/html/miyai/pbl_b/app/webroot/index.php(111): Dispatcher->dispatch(Object(CakeRequest), Object(CakeResponse))
#1 {main}
2016-12-08 15:39:24 Error: [MissingControllerException] Controller class JsController could not be found.
Exception Attributes: array (
  'class' => 'JsController',
  'plugin' => NULL,
)
Request URL: /miyai/pbl_b/js/measure.js
Stack Trace:
#0 /var/www/html/miyai/pbl_b/app/webroot/index.php(111): Dispatcher->dispatch(Object(CakeRequest), Object(CakeResponse))
#1 {main}
2016-12-08 15:41:31 Error: [MissingControllerException] Controller class JsController could not be found.
Exception Attributes: array (
  'class' => 'JsController',
  'plugin' => NULL,
)
Request URL: /miyai/pbl_b/js/measure.js
Stack Trace:
#0 /var/www/html/miyai/pbl_b/app/webroot/index.php(111): Dispatcher->dispatch(Object(CakeRequest), Object(CakeResponse))
#1 {main}
2016-12-08 15:53:30 Error: [MissingControllerException] Controller class JsController could not be found.
Exception Attributes: array (
  'class' => 'JsController',
  'plugin' => NULL,
)
Request URL: /miyai/pbl_b/js/measure.js
Stack Trace:
#0 /var/www/html/miyai/pbl_b/app/webroot/index.php(111): Dispatcher->dispatch(Object(CakeRequest), Object(CakeResponse))
#1 {main}
2016-12-08 16:02:54 Error: [MissingControllerException] Controller class JsController could not be found.
Exception Attributes: array (
  'class' => 'JsController',
  'plugin' => NULL,
)
Request URL: /miyai/pbl_b/js/measure.js
Stack Trace:
#0 /var/www/html/miyai/pbl_b/app/webroot/index.php(111): Dispatcher->dispatch(Object(CakeRequest), Object(CakeResponse))
#1 {main}
2016-12-08 16:38:55 Error: [MissingControllerException] Controller class JsController could not be found.
Exception Attributes: array (
  'class' => 'JsController',
  'plugin' => NULL,
)
Request URL: /miyai/pbl_b/js/measure.js
Stack Trace:
#0 /var/www/html/miyai/pbl_b/app/webroot/index.php(111): Dispatcher->dispatch(Object(CakeRequest), Object(CakeResponse))
#1 {main}
2016-12-08 17:35:20 Error: [MissingControllerException] Controller class JsController could not be found.
Exception Attributes: array (
  'class' => 'JsController',
  'plugin' => NULL,
)
Request URL: /miyai/pbl_b/js/measure.js
Stack Trace:
#0 /var/www/html/miyai/pbl_b/app/webroot/index.php(111): Dispatcher->dispatch(Object(CakeRequest), Object(CakeResponse))
#1 {main}
2016-12-09 03:26:03 Error: [MissingControllerException] Controller class JsController could not be found.
Exception Attributes: array (
  'class' => 'JsController',
  'plugin' => NULL,
)
Request URL: /miyai/pbl_b/js/measure.js
Stack Trace:
#0 /var/www/html/miyai/pbl_b/app/webroot/index.php(111): Dispatcher->dispatch(Object(CakeRequest), Object(CakeResponse))
#1 {main}
2016-12-09 03:27:23 Error: [MissingControllerException] Controller class JsController could not be found.
Exception Attributes: array (
  'class' => 'JsController',
  'plugin' => NULL,
)
Request URL: /miyai/pbl_b/js/measure.js
Stack Trace:
#0 /var/www/html/miyai/pbl_b/app/webroot/index.php(111): Dispatcher->dispatch(Object(CakeRequest), Object(CakeResponse))
#1 {main}
2016-12-09 03:35:08 Error: [MissingControllerException] Controller class JsController could not be found.
Exception Attributes: array (
  'class' => 'JsController',
  'plugin' => NULL,
)
Request URL: /miyai/pbl_b/js/measure.js
Stack Trace:
#0 /var/www/html/miyai/pbl_b/app/webroot/index.php(111): Dispatcher->dispatch(Object(CakeRequest), Object(CakeResponse))
#1 {main}
2016-12-09 04:48:07 Error: Fatal Error (4): syntax error, unexpected '<' in [/var/www/html/miyai/pbl_b/app/View/Question/add.ctp, line 43]
2016-12-09 04:48:07 Error: [FatalErrorException] syntax error, unexpected '<'
Request URL: /miyai/pbl_b/question/add
Stack Trace:
#0 /var/www/html/miyai/pbl_b/lib/Cake/Error/ErrorHandler.php(212): ErrorHandler::handleFatalError(4, 'syntax error, u...', '/var/www/html/m...', 43)
#1 [internal function]: ErrorHandler::handleError(4, 'syntax error, u...', '/var/www/html/m...', 43, Array)
#2 /var/www/html/miyai/pbl_b/lib/Cake/Core/App.php(970): call_user_func('ErrorHandler::h...', 4, 'syntax error, u...', '/var/www/html/m...', 43, Array)
#3 /var/www/html/miyai/pbl_b/lib/Cake/Core/App.php(943): App::_checkFatalError()
#4 [internal function]: App::shutdown()
#5 {main}
2016-12-09 05:18:46 Error: [MissingControllerException] Controller class JsController could not be found.
Exception Attributes: array (
  'class' => 'JsController',
  'plugin' => NULL,
)
Request URL: /miyai/pbl_b/js/measure.js
Stack Trace:
#0 /var/www/html/miyai/pbl_b/app/webroot/index.php(111): Dispatcher->dispatch(Object(CakeRequest), Object(CakeResponse))
#1 {main}
2016-12-09 05:33:51 Error: Fatal Error (4): syntax error, unexpected ';' in [/var/www/html/miyai/pbl_b/app/View/Question/add.ctp, line 54]
2016-12-09 05:33:51 Error: [FatalErrorException] syntax error, unexpected ';'
Request URL: /miyai/pbl_b/question/add
Stack Trace:
#0 /var/www/html/miyai/pbl_b/lib/Cake/Error/ErrorHandler.php(212): ErrorHandler::handleFatalError(4, 'syntax error, u...', '/var/www/html/m...', 54)
#1 [internal function]: ErrorHandler::handleError(4, 'syntax error, u...', '/var/www/html/m...', 54, Array)
#2 /var/www/html/miyai/pbl_b/lib/Cake/Core/App.php(970): call_user_func('ErrorHandler::h...', 4, 'syntax error, u...', '/var/www/html/m...', 54, Array)
#3 /var/www/html/miyai/pbl_b/lib/Cake/Core/App.php(943): App::_checkFatalError()
#4 [internal function]: App::shutdown()
#5 {main}
2016-12-09 05:39:06 Error: Fatal Error (4): syntax error, unexpected ';' in [/var/www/html/miyai/pbl_b/app/View/Question/add.ctp, line 57]
2016-12-09 05:39:06 Error: [FatalErrorException] syntax error, unexpected ';'
Request URL: /miyai/pbl_b/question/add
Stack Trace:
#0 /var/www/html/miyai/pbl_b/lib/Cake/Error/ErrorHandler.php(212): ErrorHandler::handleFatalError(4, 'syntax error, u...', '/var/www/html/m...', 57)
#1 [internal function]: ErrorHandler::handleError(4, 'syntax error, u...', '/var/www/html/m...', 57, Array)
#2 /var/www/html/miyai/pbl_b/lib/Cake/Core/App.php(970): call_user_func('ErrorHandler::h...', 4, 'syntax error, u...', '/var/www/html/m...', 57, Array)
#3 /var/www/html/miyai/pbl_b/lib/Cake/Core/App.php(943): App::_checkFatalError()
#4 [internal function]: App::shutdown()
#5 {main}
2016-12-09 06:19:36 Error: [MissingControllerException] Controller class JsController could not be found.
Exception Attributes: array (
  'class' => 'JsController',
  'plugin' => NULL,
)
Request URL: /miyai/pbl_b/js/measure.js
Stack Trace:
#0 /var/www/html/miyai/pbl_b/app/webroot/index.php(111): Dispatcher->dispatch(Object(CakeRequest), Object(CakeResponse))
#1 {main}
2016-12-09 06:25:45 Error: [MissingControllerException] Controller class JsController could not be found.
Exception Attributes: array (
  'class' => 'JsController',
  'plugin' => NULL,
)
Request URL: /miyai/pbl_b/js/measure.js
Stack Trace:
#0 /var/www/html/miyai/pbl_b/app/webroot/index.php(111): Dispatcher->dispatch(Object(CakeRequest), Object(CakeResponse))
#1 {main}
2016-12-09 06:28:14 Error: [MissingControllerException] Controller class JsController could not be found.
Exception Attributes: array (
  'class' => 'JsController',
  'plugin' => NULL,
)
Request URL: /miyai/pbl_b/js/measure.js
Stack Trace:
#0 /var/www/html/miyai/pbl_b/app/webroot/index.php(111): Dispatcher->dispatch(Object(CakeRequest), Object(CakeResponse))
#1 {main}
2016-12-09 06:28:30 Error: [MissingControllerException] Controller class JsController could not be found.
Exception Attributes: array (
  'class' => 'JsController',
  'plugin' => NULL,
)
Request URL: /miyai/pbl_b/js/measure.js
Stack Trace:
#0 /var/www/html/miyai/pbl_b/app/webroot/index.php(111): Dispatcher->dispatch(Object(CakeRequest), Object(CakeResponse))
#1 {main}
2016-12-09 06:28:54 Error: [MissingControllerException] Controller class JsController could not be found.
Exception Attributes: array (
  'class' => 'JsController',
  'plugin' => NULL,
)
Request URL: /miyai/pbl_b/js/measure.js
Stack Trace:
#0 /var/www/html/miyai/pbl_b/app/webroot/index.php(111): Dispatcher->dispatch(Object(CakeRequest), Object(CakeResponse))
#1 {main}
2016-12-09 06:29:18 Error: [MissingControllerException] Controller class JsController could not be found.
Exception Attributes: array (
  'class' => 'JsController',
  'plugin' => NULL,
)
Request URL: /miyai/pbl_b/js/measure.js
Stack Trace:
#0 /var/www/html/miyai/pbl_b/app/webroot/index.php(111): Dispatcher->dispatch(Object(CakeRequest), Object(CakeResponse))
#1 {main}
2016-12-09 06:29:31 Error: [MissingControllerException] Controller class JsController could not be found.
Exception Attributes: array (
  'class' => 'JsController',
  'plugin' => NULL,
)
Request URL: /miyai/pbl_b/js/measure.js
Stack Trace:
#0 /var/www/html/miyai/pbl_b/app/webroot/index.php(111): Dispatcher->dispatch(Object(CakeRequest), Object(CakeResponse))
#1 {main}
2016-12-09 07:21:29 Error: [MissingControllerException] Controller class JsController could not be found.
Exception Attributes: array (
  'class' => 'JsController',
  'plugin' => NULL,
)
Request URL: /miyai/pbl_b/js/measure.js
Stack Trace:
#0 /var/www/html/miyai/pbl_b/app/webroot/index.php(111): Dispatcher->dispatch(Object(CakeRequest), Object(CakeResponse))
#1 {main}
2016-12-09 10:39:02 Error: [MissingControllerException] Controller class JsController could not be found.
Exception Attributes: array (
  'class' => 'JsController',
  'plugin' => NULL,
)
Request URL: /miyai/pbl_b/js/measure.js
Stack Trace:
#0 /var/www/html/miyai/pbl_b/app/webroot/index.php(111): Dispatcher->dispatch(Object(CakeRequest), Object(CakeResponse))
#1 {main}
2016-12-09 11:10:32 Error: [MissingControllerException] Controller class JsController could not be found.
Exception Attributes: array (
  'class' => 'JsController',
  'plugin' => NULL,
)
Request URL: /miyai/pbl_b/js/measure.js
Stack Trace:
#0 /var/www/html/miyai/pbl_b/app/webroot/index.php(111): Dispatcher->dispatch(Object(CakeRequest), Object(CakeResponse))
#1 {main}
2016-12-09 11:10:44 Error: [MissingControllerException] Controller class JsController could not be found.
Exception Attributes: array (
  'class' => 'JsController',
  'plugin' => NULL,
)
Request URL: /miyai/pbl_b/js/measure.js
Stack Trace:
#0 /var/www/html/miyai/pbl_b/app/webroot/index.php(111): Dispatcher->dispatch(Object(CakeRequest), Object(CakeResponse))
#1 {main}
2016-12-09 11:10:46 Error: [MissingControllerException] Controller class JsController could not be found.
Exception Attributes: array (
  'class' => 'JsController',
  'plugin' => NULL,
)
Request URL: /miyai/pbl_b/js/measure.js
Stack Trace:
#0 /var/www/html/miyai/pbl_b/app/webroot/index.php(111): Dispatcher->dispatch(Object(CakeRequest), Object(CakeResponse))
#1 {main}
2016-12-09 11:10:48 Error: [MissingControllerException] Controller class JsController could not be found.
Exception Attributes: array (
  'class' => 'JsController',
  'plugin' => NULL,
)
Request URL: /miyai/pbl_b/js/measure.js
Stack Trace:
#0 /var/www/html/miyai/pbl_b/app/webroot/index.php(111): Dispatcher->dispatch(Object(CakeRequest), Object(CakeResponse))
#1 {main}
2016-12-09 11:10:49 Error: [MissingControllerException] Controller class JsController could not be found.
Exception Attributes: array (
  'class' => 'JsController',
  'plugin' => NULL,
)
Request URL: /miyai/pbl_b/js/measure.js
Stack Trace:
#0 /var/www/html/miyai/pbl_b/app/webroot/index.php(111): Dispatcher->dispatch(Object(CakeRequest), Object(CakeResponse))
#1 {main}
2016-12-09 11:33:54 Error: [MissingControllerException] Controller class CssController could not be found.
Exception Attributes: array (
  'class' => 'CssController',
  'plugin' => NULL,
)
Request URL: /miyai/pbl_b/css/top.css
Stack Trace:
#0 /var/www/html/miyai/pbl_b/app/webroot/index.php(111): Dispatcher->dispatch(Object(CakeRequest), Object(CakeResponse))
#1 {main}
2016-12-09 11:33:55 Error: [MissingControllerException] Controller class CssController could not be found.
Exception Attributes: array (
  'class' => 'CssController',
  'plugin' => NULL,
)
Request URL: /miyai/pbl_b/css/top.css
Stack Trace:
#0 /var/www/html/miyai/pbl_b/app/webroot/index.php(111): Dispatcher->dispatch(Object(CakeRequest), Object(CakeResponse))
#1 {main}
2016-12-09 11:33:55 Error: [MissingControllerException] Controller class ImgController could not be found.
Exception Attributes: array (
  'class' => 'ImgController',
  'plugin' => NULL,
)
Request URL: /miyai/pbl_b/img/measure_btn.png
Stack Trace:
#0 /var/www/html/miyai/pbl_b/app/webroot/index.php(111): Dispatcher->dispatch(Object(CakeRequest), Object(CakeResponse))
#1 {main}
2016-12-09 11:33:55 Error: [MissingControllerException] Controller class ImgController could not be found.
Exception Attributes: array (
  'class' => 'ImgController',
  'plugin' => NULL,
)
Request URL: /miyai/pbl_b/img/question_add.png
Stack Trace:
#0 /var/www/html/miyai/pbl_b/app/webroot/index.php(111): Dispatcher->dispatch(Object(CakeRequest), Object(CakeResponse))
#1 {main}
2016-12-09 11:34:03 Error: [MissingControllerException] Controller class JsController could not be found.
Exception Attributes: array (
  'class' => 'JsController',
  'plugin' => NULL,
)
Request URL: /miyai/pbl_b/js/measure.js
Stack Trace:
#0 /var/www/html/miyai/pbl_b/app/webroot/index.php(111): Dispatcher->dispatch(Object(CakeRequest), Object(CakeResponse))
#1 {main}
2016-12-09 11:38:28 Error: [MissingControllerException] Controller class ImgController could not be found.
Exception Attributes: array (
  'class' => 'ImgController',
  'plugin' => NULL,
)
Request URL: /miyai/pbl_b/img/measure_btn.png
Stack Trace:
#0 /var/www/html/miyai/pbl_b/app/webroot/index.php(111): Dispatcher->dispatch(Object(CakeRequest), Object(CakeResponse))
#1 {main}
2016-12-09 11:38:28 Error: [MissingControllerException] Controller class ImgController could not be found.
Exception Attributes: array (
  'class' => 'ImgController',
  'plugin' => NULL,
)
Request URL: /miyai/pbl_b/img/question_add.png
Stack Trace:
#0 /var/www/html/miyai/pbl_b/app/webroot/index.php(111): Dispatcher->dispatch(Object(CakeRequest), Object(CakeResponse))
#1 {main}
2016-12-09 11:38:41 Error: [MissingControllerException] Controller class JsController could not be found.
Exception Attributes: array (
  'class' => 'JsController',
  'plugin' => NULL,
)
Request URL: /miyai/pbl_b/js/measure.js
Stack Trace:
#0 /var/www/html/miyai/pbl_b/app/webroot/index.php(111): Dispatcher->dispatch(Object(CakeRequest), Object(CakeResponse))
#1 {main}
2016-12-09 11:38:47 Error: [MissingControllerException] Controller class ImgController could not be found.
Exception Attributes: array (
  'class' => 'ImgController',
  'plugin' => NULL,
)
Request URL: /miyai/pbl_b/img/measure_btn.png
Stack Trace:
#0 /var/www/html/miyai/pbl_b/app/webroot/index.php(111): Dispatcher->dispatch(Object(CakeRequest), Object(CakeResponse))
#1 {main}
2016-12-09 11:38:47 Error: [MissingControllerException] Controller class ImgController could not be found.
Exception Attributes: array (
  'class' => 'ImgController',
  'plugin' => NULL,
)
Request URL: /miyai/pbl_b/img/question_add.png
Stack Trace:
#0 /var/www/html/miyai/pbl_b/app/webroot/index.php(111): Dispatcher->dispatch(Object(CakeRequest), Object(CakeResponse))
#1 {main}
2016-12-09 11:48:52 Error: [MissingControllerException] Controller class JsController could not be found.
Exception Attributes: array (
  'class' => 'JsController',
  'plugin' => NULL,
)
Request URL: /miyai/pbl_b/js/measure.js
Stack Trace:
#0 /var/www/html/miyai/pbl_b/app/webroot/index.php(111): Dispatcher->dispatch(Object(CakeRequest), Object(CakeResponse))
#1 {main}
2016-12-09 11:51:07 Error: [MissingControllerException] Controller class JsController could not be found.
Exception Attributes: array (
  'class' => 'JsController',
  'plugin' => NULL,
)
Request URL: /miyai/pbl_b/js/measure.js
Stack Trace:
#0 /var/www/html/miyai/pbl_b/app/webroot/index.php(111): Dispatcher->dispatch(Object(CakeRequest), Object(CakeResponse))
#1 {main}
2016-12-09 11:52:06 Error: [MissingControllerException] Controller class JsController could not be found.
Exception Attributes: array (
  'class' => 'JsController',
  'plugin' => NULL,
)
Request URL: /miyai/pbl_b/js/measure.js
Stack Trace:
#0 /var/www/html/miyai/pbl_b/app/webroot/index.php(111): Dispatcher->dispatch(Object(CakeRequest), Object(CakeResponse))
#1 {main}
2016-12-09 11:52:38 Error: [MissingControllerException] Controller class JsController could not be found.
Exception Attributes: array (
  'class' => 'JsController',
  'plugin' => NULL,
)
Request URL: /miyai/pbl_b/js/measure.js
Stack Trace:
#0 /var/www/html/miyai/pbl_b/app/webroot/index.php(111): Dispatcher->dispatch(Object(CakeRequest), Object(CakeResponse))
#1 {main}
2016-12-09 11:52:44 Error: [MissingControllerException] Controller class JsController could not be found.
Exception Attributes: array (
  'class' => 'JsController',
  'plugin' => NULL,
)
Request URL: /miyai/pbl_b/js/measure.js
Stack Trace:
#0 /var/www/html/miyai/pbl_b/app/webroot/index.php(111): Dispatcher->dispatch(Object(CakeRequest), Object(CakeResponse))
#1 {main}
2016-12-09 11:53:25 Error: [MissingControllerException] Controller class JsController could not be found.
Exception Attributes: array (
  'class' => 'JsController',
  'plugin' => NULL,
)
Request URL: /miyai/pbl_b/js/measure.js
Stack Trace:
#0 /var/www/html/miyai/pbl_b/app/webroot/index.php(111): Dispatcher->dispatch(Object(CakeRequest), Object(CakeResponse))
#1 {main}
2016-12-09 11:54:08 Error: [MissingControllerException] Controller class JsController could not be found.
Exception Attributes: array (
  'class' => 'JsController',
  'plugin' => NULL,
)
Request URL: /miyai/pbl_b/js/measure.js
Stack Trace:
#0 /var/www/html/miyai/pbl_b/app/webroot/index.php(111): Dispatcher->dispatch(Object(CakeRequest), Object(CakeResponse))
#1 {main}
2016-12-09 11:54:46 Error: [MissingControllerException] Controller class JsController could not be found.
Exception Attributes: array (
  'class' => 'JsController',
  'plugin' => NULL,
)
Request URL: /miyai/pbl_b/js/measure.js
Stack Trace:
#0 /var/www/html/miyai/pbl_b/app/webroot/index.php(111): Dispatcher->dispatch(Object(CakeRequest), Object(CakeResponse))
#1 {main}
2016-12-09 11:56:07 Error: [MissingControllerException] Controller class JsController could not be found.
Exception Attributes: array (
  'class' => 'JsController',
  'plugin' => NULL,
)
Request URL: /miyai/pbl_b/js/measure.js
Stack Trace:
#0 /var/www/html/miyai/pbl_b/app/webroot/index.php(111): Dispatcher->dispatch(Object(CakeRequest), Object(CakeResponse))
#1 {main}
2016-12-09 11:57:10 Error: [MissingControllerException] Controller class JsController could not be found.
Exception Attributes: array (
  'class' => 'JsController',
  'plugin' => NULL,
)
Request URL: /miyai/pbl_b/js/measure.js
Stack Trace:
#0 /var/www/html/miyai/pbl_b/app/webroot/index.php(111): Dispatcher->dispatch(Object(CakeRequest), Object(CakeResponse))
#1 {main}
2016-12-09 11:58:52 Error: [MissingControllerException] Controller class JsController could not be found.
Exception Attributes: array (
  'class' => 'JsController',
  'plugin' => NULL,
)
Request URL: /miyai/pbl_b/js/measure.js
Stack Trace:
#0 /var/www/html/miyai/pbl_b/app/webroot/index.php(111): Dispatcher->dispatch(Object(CakeRequest), Object(CakeResponse))
#1 {main}
2016-12-09 11:59:26 Error: [MissingControllerException] Controller class JsController could not be found.
Exception Attributes: array (
  'class' => 'JsController',
  'plugin' => NULL,
)
Request URL: /miyai/pbl_b/js/measure.js
Stack Trace:
#0 /var/www/html/miyai/pbl_b/app/webroot/index.php(111): Dispatcher->dispatch(Object(CakeRequest), Object(CakeResponse))
#1 {main}
2016-12-09 12:01:35 Error: [MissingControllerException] Controller class JsController could not be found.
Exception Attributes: array (
  'class' => 'JsController',
  'plugin' => NULL,
)
Request URL: /miyai/pbl_b/js/measure.js
Stack Trace:
#0 /var/www/html/miyai/pbl_b/app/webroot/index.php(111): Dispatcher->dispatch(Object(CakeRequest), Object(CakeResponse))
#1 {main}
2016-12-09 12:02:25 Error: [MissingControllerException] Controller class JsController could not be found.
Exception Attributes: array (
  'class' => 'JsController',
  'plugin' => NULL,
)
Request URL: /miyai/pbl_b/js/measure.js
Stack Trace:
#0 /var/www/html/miyai/pbl_b/app/webroot/index.php(111): Dispatcher->dispatch(Object(CakeRequest), Object(CakeResponse))
#1 {main}
2016-12-09 12:02:57 Error: [MissingControllerException] Controller class JsController could not be found.
Exception Attributes: array (
  'class' => 'JsController',
  'plugin' => NULL,
)
Request URL: /miyai/pbl_b/js/measure.js
Stack Trace:
#0 /var/www/html/miyai/pbl_b/app/webroot/index.php(111): Dispatcher->dispatch(Object(CakeRequest), Object(CakeResponse))
#1 {main}
2016-12-09 12:04:49 Error: [MissingControllerException] Controller class JsController could not be found.
Exception Attributes: array (
  'class' => 'JsController',
  'plugin' => NULL,
)
Request URL: /miyai/pbl_b/js/measure.js
Stack Trace:
#0 /var/www/html/miyai/pbl_b/app/webroot/index.php(111): Dispatcher->dispatch(Object(CakeRequest), Object(CakeResponse))
#1 {main}
2016-12-09 12:05:45 Error: [MissingControllerException] Controller class JsController could not be found.
Exception Attributes: array (
  'class' => 'JsController',
  'plugin' => NULL,
)
Request URL: /miyai/pbl_b/js/measure.js
Stack Trace:
#0 /var/www/html/miyai/pbl_b/app/webroot/index.php(111): Dispatcher->dispatch(Object(CakeRequest), Object(CakeResponse))
#1 {main}
2016-12-09 12:06:24 Error: [MissingControllerException] Controller class JsController could not be found.
Exception Attributes: array (
  'class' => 'JsController',
  'plugin' => NULL,
)
Request URL: /miyai/pbl_b/js/measure.js
Stack Trace:
#0 /var/www/html/miyai/pbl_b/app/webroot/index.php(111): Dispatcher->dispatch(Object(CakeRequest), Object(CakeResponse))
#1 {main}
2016-12-09 12:07:17 Error: [MissingControllerException] Controller class JsController could not be found.
Exception Attributes: array (
  'class' => 'JsController',
  'plugin' => NULL,
)
Request URL: /miyai/pbl_b/js/measure.js
Stack Trace:
#0 /var/www/html/miyai/pbl_b/app/webroot/index.php(111): Dispatcher->dispatch(Object(CakeRequest), Object(CakeResponse))
#1 {main}
2016-12-09 12:08:08 Error: [MissingControllerException] Controller class JsController could not be found.
Exception Attributes: array (
  'class' => 'JsController',
  'plugin' => NULL,
)
Request URL: /miyai/pbl_b/js/measure.js
Stack Trace:
#0 /var/www/html/miyai/pbl_b/app/webroot/index.php(111): Dispatcher->dispatch(Object(CakeRequest), Object(CakeResponse))
#1 {main}
2016-12-09 12:08:13 Error: [MissingControllerException] Controller class JsController could not be found.
Exception Attributes: array (
  'class' => 'JsController',
  'plugin' => NULL,
)
Request URL: /miyai/pbl_b/js/measure.js
Stack Trace:
#0 /var/www/html/miyai/pbl_b/app/webroot/index.php(111): Dispatcher->dispatch(Object(CakeRequest), Object(CakeResponse))
#1 {main}
2016-12-09 12:09:02 Error: [MissingControllerException] Controller class JsController could not be found.
Exception Attributes: array (
  'class' => 'JsController',
  'plugin' => NULL,
)
Request URL: /miyai/pbl_b/js/measure.js
Stack Trace:
#0 /var/www/html/miyai/pbl_b/app/webroot/index.php(111): Dispatcher->dispatch(Object(CakeRequest), Object(CakeResponse))
#1 {main}
2016-12-09 12:10:13 Error: [MissingControllerException] Controller class JsController could not be found.
Exception Attributes: array (
  'class' => 'JsController',
  'plugin' => NULL,
)
Request URL: /miyai/pbl_b/js/measure.js
Stack Trace:
#0 /var/www/html/miyai/pbl_b/app/webroot/index.php(111): Dispatcher->dispatch(Object(CakeRequest), Object(CakeResponse))
#1 {main}
2016-12-09 12:10:26 Error: [MissingControllerException] Controller class JsController could not be found.
Exception Attributes: array (
  'class' => 'JsController',
  'plugin' => NULL,
)
Request URL: /miyai/pbl_b/js/measure.js
Stack Trace:
#0 /var/www/html/miyai/pbl_b/app/webroot/index.php(111): Dispatcher->dispatch(Object(CakeRequest), Object(CakeResponse))
#1 {main}
2016-12-09 12:10:34 Error: [MissingControllerException] Controller class JsController could not be found.
Exception Attributes: array (
  'class' => 'JsController',
  'plugin' => NULL,
)
Request URL: /miyai/pbl_b/js/measure.js
Stack Trace:
#0 /var/www/html/miyai/pbl_b/app/webroot/index.php(111): Dispatcher->dispatch(Object(CakeRequest), Object(CakeResponse))
#1 {main}
2016-12-09 12:10:37 Error: [MissingControllerException] Controller class JsController could not be found.
Exception Attributes: array (
  'class' => 'JsController',
  'plugin' => NULL,
)
Request URL: /miyai/pbl_b/js/measure.js
Stack Trace:
#0 /var/www/html/miyai/pbl_b/app/webroot/index.php(111): Dispatcher->dispatch(Object(CakeRequest), Object(CakeResponse))
#1 {main}
2016-12-09 12:10:51 Error: [MissingControllerException] Controller class JsController could not be found.
Exception Attributes: array (
  'class' => 'JsController',
  'plugin' => NULL,
)
Request URL: /miyai/pbl_b/js/measure.js
Stack Trace:
#0 /var/www/html/miyai/pbl_b/app/webroot/index.php(111): Dispatcher->dispatch(Object(CakeRequest), Object(CakeResponse))
#1 {main}
2016-12-09 12:10:57 Error: [MissingControllerException] Controller class JsController could not be found.
Exception Attributes: array (
  'class' => 'JsController',
  'plugin' => NULL,
)
Request URL: /miyai/pbl_b/js/measure.js
Stack Trace:
#0 /var/www/html/miyai/pbl_b/app/webroot/index.php(111): Dispatcher->dispatch(Object(CakeRequest), Object(CakeResponse))
#1 {main}
2016-12-09 12:11:17 Error: [MissingControllerException] Controller class JsController could not be found.
Exception Attributes: array (
  'class' => 'JsController',
  'plugin' => NULL,
)
Request URL: /miyai/pbl_b/js/measure.js
Stack Trace:
#0 /var/www/html/miyai/pbl_b/app/webroot/index.php(111): Dispatcher->dispatch(Object(CakeRequest), Object(CakeResponse))
#1 {main}
2016-12-09 12:12:34 Error: [MissingControllerException] Controller class JsController could not be found.
Exception Attributes: array (
  'class' => 'JsController',
  'plugin' => NULL,
)
Request URL: /miyai/pbl_b/js/measure.js
Stack Trace:
#0 /var/www/html/miyai/pbl_b/app/webroot/index.php(111): Dispatcher->dispatch(Object(CakeRequest), Object(CakeResponse))
#1 {main}
2016-12-09 12:12:54 Error: [MissingControllerException] Controller class JsController could not be found.
Exception Attributes: array (
  'class' => 'JsController',
  'plugin' => NULL,
)
Request URL: /miyai/pbl_b/js/measure.js
Stack Trace:
#0 /var/www/html/miyai/pbl_b/app/webroot/index.php(111): Dispatcher->dispatch(Object(CakeRequest), Object(CakeResponse))
#1 {main}
2016-12-09 12:13:32 Error: [MissingControllerException] Controller class JsController could not be found.
Exception Attributes: array (
  'class' => 'JsController',
  'plugin' => NULL,
)
Request URL: /miyai/pbl_b/js/measure.js
Stack Trace:
#0 /var/www/html/miyai/pbl_b/app/webroot/index.php(111): Dispatcher->dispatch(Object(CakeRequest), Object(CakeResponse))
#1 {main}
2016-12-09 12:14:40 Error: [MissingControllerException] Controller class JsController could not be found.
Exception Attributes: array (
  'class' => 'JsController',
  'plugin' => NULL,
)
Request URL: /miyai/pbl_b/js/measure.js
Stack Trace:
#0 /var/www/html/miyai/pbl_b/app/webroot/index.php(111): Dispatcher->dispatch(Object(CakeRequest), Object(CakeResponse))
#1 {main}
2016-12-09 12:15:37 Error: [MissingControllerException] Controller class JsController could not be found.
Exception Attributes: array (
  'class' => 'JsController',
  'plugin' => NULL,
)
Request URL: /miyai/pbl_b/js/measure.js
Stack Trace:
#0 /var/www/html/miyai/pbl_b/app/webroot/index.php(111): Dispatcher->dispatch(Object(CakeRequest), Object(CakeResponse))
#1 {main}
2016-12-09 12:15:57 Error: [MissingControllerException] Controller class JsController could not be found.
Exception Attributes: array (
  'class' => 'JsController',
  'plugin' => NULL,
)
Request URL: /miyai/pbl_b/js/measure.js
Stack Trace:
#0 /var/www/html/miyai/pbl_b/app/webroot/index.php(111): Dispatcher->dispatch(Object(CakeRequest), Object(CakeResponse))
#1 {main}
2016-12-09 12:16:39 Error: [MissingControllerException] Controller class JsController could not be found.
Exception Attributes: array (
  'class' => 'JsController',
  'plugin' => NULL,
)
Request URL: /miyai/pbl_b/js/measure.js
Stack Trace:
#0 /var/www/html/miyai/pbl_b/app/webroot/index.php(111): Dispatcher->dispatch(Object(CakeRequest), Object(CakeResponse))
#1 {main}
2016-12-09 12:16:55 Error: [MissingControllerException] Controller class JsController could not be found.
Exception Attributes: array (
  'class' => 'JsController',
  'plugin' => NULL,
)
Request URL: /miyai/pbl_b/js/measure.js
Stack Trace:
#0 /var/www/html/miyai/pbl_b/app/webroot/index.php(111): Dispatcher->dispatch(Object(CakeRequest), Object(CakeResponse))
#1 {main}
2016-12-09 12:17:19 Error: [MissingControllerException] Controller class JsController could not be found.
Exception Attributes: array (
  'class' => 'JsController',
  'plugin' => NULL,
)
Request URL: /miyai/pbl_b/js/measure.js
Stack Trace:
#0 /var/www/html/miyai/pbl_b/app/webroot/index.php(111): Dispatcher->dispatch(Object(CakeRequest), Object(CakeResponse))
#1 {main}
2016-12-09 12:17:28 Error: [MissingControllerException] Controller class JsController could not be found.
Exception Attributes: array (
  'class' => 'JsController',
  'plugin' => NULL,
)
Request URL: /miyai/pbl_b/js/measure.js
Stack Trace:
#0 /var/www/html/miyai/pbl_b/app/webroot/index.php(111): Dispatcher->dispatch(Object(CakeRequest), Object(CakeResponse))
#1 {main}
2016-12-09 12:17:44 Error: [MissingControllerException] Controller class JsController could not be found.
Exception Attributes: array (
  'class' => 'JsController',
  'plugin' => NULL,
)
Request URL: /miyai/pbl_b/js/measure.js
Stack Trace:
#0 /var/www/html/miyai/pbl_b/app/webroot/index.php(111): Dispatcher->dispatch(Object(CakeRequest), Object(CakeResponse))
#1 {main}
2016-12-09 12:20:21 Error: [MissingControllerException] Controller class JsController could not be found.
Exception Attributes: array (
  'class' => 'JsController',
  'plugin' => NULL,
)
Request URL: /miyai/pbl_b/js/measure.js
Stack Trace:
#0 /var/www/html/miyai/pbl_b/app/webroot/index.php(111): Dispatcher->dispatch(Object(CakeRequest), Object(CakeResponse))
#1 {main}
2016-12-09 12:21:02 Error: [MissingControllerException] Controller class JsController could not be found.
Exception Attributes: array (
  'class' => 'JsController',
  'plugin' => NULL,
)
Request URL: /miyai/pbl_b/js/measure.js
Stack Trace:
#0 /var/www/html/miyai/pbl_b/app/webroot/index.php(111): Dispatcher->dispatch(Object(CakeRequest), Object(CakeResponse))
#1 {main}
2016-12-09 12:22:12 Error: [MissingControllerException] Controller class JsController could not be found.
Exception Attributes: array (
  'class' => 'JsController',
  'plugin' => NULL,
)
Request URL: /miyai/pbl_b/js/measure.js
Stack Trace:
#0 /var/www/html/miyai/pbl_b/app/webroot/index.php(111): Dispatcher->dispatch(Object(CakeRequest), Object(CakeResponse))
#1 {main}
2016-12-09 12:22:35 Error: [MissingControllerException] Controller class JsController could not be found.
Exception Attributes: array (
  'class' => 'JsController',
  'plugin' => NULL,
)
Request URL: /miyai/pbl_b/js/measure.js
Stack Trace:
#0 /var/www/html/miyai/pbl_b/app/webroot/index.php(111): Dispatcher->dispatch(Object(CakeRequest), Object(CakeResponse))
#1 {main}
2016-12-09 12:22:54 Error: [MissingControllerException] Controller class JsController could not be found.
Exception Attributes: array (
  'class' => 'JsController',
  'plugin' => NULL,
)
Request URL: /miyai/pbl_b/js/measure.js
Stack Trace:
#0 /var/www/html/miyai/pbl_b/app/webroot/index.php(111): Dispatcher->dispatch(Object(CakeRequest), Object(CakeResponse))
#1 {main}
2016-12-09 12:27:36 Error: [MissingControllerException] Controller class JsController could not be found.
Exception Attributes: array (
  'class' => 'JsController',
  'plugin' => NULL,
)
Request URL: /miyai/pbl_b/js/measure.js
Stack Trace:
#0 /var/www/html/miyai/pbl_b/app/webroot/index.php(111): Dispatcher->dispatch(Object(CakeRequest), Object(CakeResponse))
#1 {main}
2016-12-09 12:27:56 Error: [MissingControllerException] Controller class JsController could not be found.
Exception Attributes: array (
  'class' => 'JsController',
  'plugin' => NULL,
)
Request URL: /miyai/pbl_b/js/measure.js
Stack Trace:
#0 /var/www/html/miyai/pbl_b/app/webroot/index.php(111): Dispatcher->dispatch(Object(CakeRequest), Object(CakeResponse))
#1 {main}
2016-12-09 12:28:09 Error: [MissingControllerException] Controller class JsController could not be found.
Exception Attributes: array (
  'class' => 'JsController',
  'plugin' => NULL,
)
Request URL: /miyai/pbl_b/js/measure.js
Stack Trace:
#0 /var/www/html/miyai/pbl_b/app/webroot/index.php(111): Dispatcher->dispatch(Object(CakeRequest), Object(CakeResponse))
#1 {main}
2016-12-09 12:28:40 Error: [MissingControllerException] Controller class JsController could not be found.
Exception Attributes: array (
  'class' => 'JsController',
  'plugin' => NULL,
)
Request URL: /miyai/pbl_b/js/measure.js
Stack Trace:
#0 /var/www/html/miyai/pbl_b/app/webroot/index.php(111): Dispatcher->dispatch(Object(CakeRequest), Object(CakeResponse))
#1 {main}
2016-12-09 12:29:08 Error: [MissingControllerException] Controller class JsController could not be found.
Exception Attributes: array (
  'class' => 'JsController',
  'plugin' => NULL,
)
Request URL: /miyai/pbl_b/js/measure.js
Stack Trace:
#0 /var/www/html/miyai/pbl_b/app/webroot/index.php(111): Dispatcher->dispatch(Object(CakeRequest), Object(CakeResponse))
#1 {main}
2016-12-09 12:29:48 Error: [MissingControllerException] Controller class JsController could not be found.
Exception Attributes: array (
  'class' => 'JsController',
  'plugin' => NULL,
)
Request URL: /miyai/pbl_b/js/measure.js
Stack Trace:
#0 /var/www/html/miyai/pbl_b/app/webroot/index.php(111): Dispatcher->dispatch(Object(CakeRequest), Object(CakeResponse))
#1 {main}
2016-12-09 12:30:15 Error: [MissingControllerException] Controller class JsController could not be found.
Exception Attributes: array (
  'class' => 'JsController',
  'plugin' => NULL,
)
Request URL: /miyai/pbl_b/js/measure.js
Stack Trace:
#0 /var/www/html/miyai/pbl_b/app/webroot/index.php(111): Dispatcher->dispatch(Object(CakeRequest), Object(CakeResponse))
#1 {main}
2016-12-09 12:30:26 Error: [MissingControllerException] Controller class JsController could not be found.
Exception Attributes: array (
  'class' => 'JsController',
  'plugin' => NULL,
)
Request URL: /miyai/pbl_b/js/measure.js
Stack Trace:
#0 /var/www/html/miyai/pbl_b/app/webroot/index.php(111): Dispatcher->dispatch(Object(CakeRequest), Object(CakeResponse))
#1 {main}
